SF:/Users/ycao/dev/open-cluster-management/grc-ui/src-web/index.js
DA:10,0
DA:11,0
DA:12,0
DA:13,0
DA:14,0
DA:15,0
DA:16,0
DA:17,0
DA:18,0
DA:19,0
DA:20,0
DA:21,0
DA:22,0
DA:25,0
DA:27,0
DA:29,0
DA:31,0
DA:32,0
DA:33,0
DA:37,0
DA:40,0
DA:44,0
BRDA:25,0,0,0
BRDA:25,0,1,0
BRDA:32,1,0,0
BRDA:32,1,1,0
BRDA:32,2,0,0
BRDA:32,2,1,0
end_of_record
SF:/Users/ycao/dev/open-cluster-management/grc-ui/src-web/actions/common.js
DA:25,28
DA:32,28
DA:38,28
DA:45,28
DA:53,28
DA:60,28
DA:66,28
DA:72,28
DA:78,28
DA:84,28
DA:90,28
DA:96,28
DA:104,28
DA:105,0
DA:106,0
DA:107,0
DA:109,0
DA:110,0
DA:112,0
DA:114,0
DA:118,28
DA:119,1
DA:120,1
DA:121,1
DA:123,0
DA:124,0
DA:126,0
DA:128,1
DA:132,28
DA:133,0
DA:134,0
DA:135,0
DA:137,0
DA:138,0
DA:140,0
DA:141,0
DA:142,0
DA:144,0
DA:148,28
DA:149,0
DA:150,0
DA:152,0
DA:153,0
DA:155,0
DA:157,0
DA:158,0
DA:162,28
DA:163,0
DA:164,0
DA:166,0
DA:167,0
DA:169,0
DA:171,0
DA:172,0
DA:176,28
DA:177,0
DA:178,0
DA:179,0
DA:180,0
DA:181,0
DA:183,0
DA:185,0
DA:189,28
DA:194,28
DA:200,28
DA:210,28
DA:215,28
DA:221,28
DA:228,28
DA:235,28
DA:241,28
DA:242,0
DA:250,28
DA:257,28
DA:263,28
DA:264,0
DA:272,28
DA:279,28
DA:285,28
DA:293,28
DA:300,28
DA:305,28
DA:310,28
DA:311,0
DA:312,0
DA:313,0
DA:315,0
DA:316,0
DA:318,0
DA:320,0
DA:325,28
DA:326,0
DA:327,0
DA:328,0
DA:330,0
DA:331,0
DA:334,0
DA:336,0
DA:340,28
DA:341,0
DA:342,0
DA:343,0
DA:345,0
DA:346,0
DA:348,0
DA:350,0
DA:355,28
DA:356,0
DA:357,0
DA:358,0
DA:360,0
DA:361,0
DA:363,0
DA:365,0
BRDA:68,0,0,0
BRDA:68,0,1,0
BRDA:74,1,0,0
BRDA:74,1,1,0
BRDA:80,2,0,0
BRDA:80,2,1,0
BRDA:109,3,0,0
BRDA:109,3,1,0
BRDA:123,4,0,0
BRDA:123,4,1,0
BRDA:137,5,0,0
BRDA:137,5,1,0
BRDA:152,6,0,0
BRDA:152,6,1,0
BRDA:166,7,0,0
BRDA:166,7,1,0
BRDA:180,8,0,0
BRDA:180,8,1,0
BRDA:224,9,0,0
BRDA:224,9,1,0
BRDA:245,10,0,0
BRDA:245,10,1,0
BRDA:267,11,0,0
BRDA:267,11,1,0
BRDA:288,12,0,0
BRDA:288,12,1,0
BRDA:315,13,0,0
BRDA:315,13,1,0
BRDA:315,14,0,0
BRDA:315,14,1,0
BRDA:330,15,0,0
BRDA:330,15,1,0
BRDA:345,16,0,0
BRDA:345,16,1,0
BRDA:345,17,0,0
BRDA:345,17,1,0
BRDA:360,18,0,0
BRDA:360,18,1,0
BRDA:360,19,0,0
BRDA:360,19,1,0
end_of_record
SF:/Users/ycao/dev/open-cluster-management/grc-ui/src-web/actions/filters.js
DA:19,4
DA:21,4
DA:22,0
DA:23,0
DA:24,0
DA:25,0
DA:26,0
DA:27,0
DA:33,0
DA:36,4
DA:37,0
DA:38,0
DA:39,0
DA:40,0
DA:41,0
DA:43,0
DA:44,0
DA:46,0
DA:51,0
DA:56,4
DA:66,4
BRDA:23,0,0,0
BRDA:23,0,1,0
BRDA:23,1,0,0
BRDA:23,1,1,0
BRDA:25,2,0,0
BRDA:25,2,1,0
BRDA:25,3,0,0
BRDA:25,3,1,0
BRDA:39,4,0,0
BRDA:39,4,1,0
BRDA:39,5,0,0
BRDA:39,5,1,0
BRDA:43,6,0,0
BRDA:43,6,1,0
BRDA:60,7,0,0
BRDA:60,7,1,0
BRDA:61,8,0,0
BRDA:61,8,1,0
end_of_record
SF:/Users/ycao/dev/open-cluster-management/grc-ui/src-web/actions/index.js
DA:17,43
DA:18,43
DA:19,43
DA:21,43
DA:23,43
DA:25,43
DA:26,43
DA:28,43
DA:29,43
DA:30,43
DA:31,43
DA:32,43
DA:33,43
DA:34,43
DA:35,43
DA:36,43
DA:38,43
DA:39,43
DA:40,43
DA:41,43
DA:42,43
DA:43,43
DA:44,43
DA:45,43
DA:46,43
DA:47,43
DA:48,43
DA:49,43
DA:50,43
DA:51,43
DA:53,43
DA:54,43
DA:55,43
DA:56,43
DA:58,43
DA:59,43
DA:60,43
DA:62,43
DA:63,43
DA:64,43
DA:66,43
DA:68,43
DA:69,43
DA:70,43
DA:71,43
DA:78,43
DA:84,43
DA:89,43
DA:96,43
DA:101,43
DA:102,43
end_of_record
SF:/Users/ycao/dev/open-cluster-management/grc-ui/src-web/actions/login.js
DA:10,0
DA:11,0
DA:16,0
DA:22,0
DA:27,0
DA:32,0
DA:37,0
DA:38,0
DA:39,0
DA:41,0
DA:43,0
DA:44,0
DA:46,0
end_of_record
SF:/Users/ycao/dev/open-cluster-management/grc-ui/src-web/actions/role.js
DA:10,0
DA:15,0
DA:20,0
end_of_record
SF:/Users/ycao/dev/open-cluster-management/grc-ui/src-web/actions/uiconfig.js
DA:10,0
DA:14,0
end_of_record
SF:/Users/ycao/dev/open-cluster-management/grc-ui/src-web/actions/userpreferences.js
DA:10,0
DA:14,0
DA:19,0
end_of_record
SF:/Users/ycao/dev/open-cluster-management/grc-ui/src-web/components/CreationView.js
DA:23,1
DA:36,1
DA:149,0
DA:150,0
DA:151,0
DA:152,0
DA:166,1
DA:167,0
DA:168,0
DA:171,0
DA:172,0
DA:173,0
DA:174,0
DA:175,0
DA:182,0
DA:183,0
DA:184,0
DA:185,0
DA:186,0
DA:187,0
DA:188,0
DA:189,0
DA:192,0
DA:193,0
DA:194,0
DA:195,0
DA:200,0
DA:202,0
BRDA:167,0,0,0
BRDA:167,0,1,0
BRDA:174,1,0,0
BRDA:174,1,1,0
BRDA:194,2,0,0
BRDA:194,2,1,0
end_of_record
SF:/Users/ycao/dev/open-cluster-management/grc-ui/src-web/components/GrcView.js
DA:37,3
DA:38,3
DA:44,14
DA:45,14
DA:48,14
DA:49,0
DA:51,14
DA:52,14
DA:53,14
DA:54,14
DA:55,14
DA:59,14
DA:62,14
DA:64,14
DA:66,14
DA:75,2
DA:77,2
DA:79,1
DA:80,1
DA:82,1
DA:83,1
DA:84,0
DA:88,1
DA:91,1
DA:92,1
DA:94,0
DA:95,0
DA:97,1
DA:98,1
DA:100,1
DA:102,1
DA:104,1
DA:108,14
DA:112,2
DA:113,2
DA:114,0
DA:115,0
DA:122,1
DA:123,1
DA:124,1
DA:128,16
DA:129,16
DA:130,16
DA:131,16
DA:132,16
DA:133,16
DA:134,3
DA:137,13
DA:138,3
DA:139,0
DA:142,3
DA:146,10
DA:147,10
DA:148,10
DA:151,5
DA:152,3
DA:161,2
DA:162,2
DA:163,0
DA:166,2
DA:168,5
DA:169,3
DA:178,2
DA:179,2
DA:180,0
DA:183,2
DA:186,4
DA:187,4
DA:188,4
DA:189,4
DA:190,4
DA:191,4
DA:192,4
DA:193,4
DA:224,0
DA:225,0
DA:230,0
DA:231,0
DA:232,0
DA:233,0
DA:234,0
DA:239,1
DA:246,6
DA:248,6
DA:250,6
DA:252,5
DA:253,5
DA:254,2
DA:256,5
DA:257,5
DA:259,6
DA:260,1
DA:261,0
DA:263,1
DA:264,1
DA:266,6
DA:267,5
DA:268,0
DA:269,0
DA:273,6
DA:277,6
DA:278,6
DA:280,6
DA:281,6
DA:282,0
DA:283,6
DA:284,6
DA:285,6
DA:289,0
DA:293,3
DA:308,3
DA:309,4
DA:310,4
DA:313,3
DA:314,2
DA:315,1
DA:316,1
BRDA:59,0,0,2
BRDA:77,1,0,1
BRDA:77,1,1,1
BRDA:77,2,0,2
BRDA:77,2,1,1
BRDA:83,3,0,0
BRDA:83,3,1,1
BRDA:88,4,0,0
BRDA:88,4,1,1
BRDA:88,4,2,0
BRDA:98,5,0,1
BRDA:98,5,1,1
BRDA:113,6,0,0
BRDA:113,6,1,2
BRDA:113,7,0,2
BRDA:113,7,1,0
BRDA:131,8,0,3
BRDA:133,9,0,3
BRDA:133,9,1,13
BRDA:137,10,0,3
BRDA:137,10,1,10
BRDA:138,11,0,0
BRDA:138,11,1,3
BRDA:148,12,0,5
BRDA:148,12,1,5
BRDA:148,12,2,5
BRDA:151,13,0,3
BRDA:151,13,1,2
BRDA:151,14,0,5
BRDA:151,14,1,5
BRDA:151,14,2,3
BRDA:162,15,0,0
BRDA:162,15,1,2
BRDA:162,16,0,2
BRDA:162,16,1,2
BRDA:168,17,0,3
BRDA:168,17,1,2
BRDA:168,18,0,5
BRDA:168,18,1,5
BRDA:168,18,2,3
BRDA:179,19,0,0
BRDA:179,19,1,2
BRDA:179,20,0,2
BRDA:179,20,1,2
BRDA:188,21,0,2
BRDA:188,21,1,2
BRDA:189,22,0,2
BRDA:189,22,1,2
BRDA:190,23,0,2
BRDA:190,23,1,2
BRDA:191,24,0,0
BRDA:191,24,1,4
BRDA:192,25,0,2
BRDA:192,25,1,2
BRDA:232,26,0,0
BRDA:232,26,1,0
BRDA:232,27,0,0
BRDA:232,27,1,0
BRDA:248,28,0,6
BRDA:248,28,1,0
BRDA:250,29,0,5
BRDA:250,29,1,1
BRDA:253,30,0,2
BRDA:253,30,1,3
BRDA:259,31,0,1
BRDA:259,31,1,5
BRDA:260,32,0,0
BRDA:260,32,1,1
BRDA:266,33,0,5
BRDA:266,33,1,1
BRDA:266,34,0,6
BRDA:266,34,1,5
BRDA:267,35,0,0
BRDA:267,35,1,5
BRDA:267,36,0,5
BRDA:267,36,1,5
BRDA:277,37,0,2
BRDA:277,37,1,4
BRDA:277,38,0,6
BRDA:277,38,1,5
BRDA:281,39,0,0
BRDA:281,39,1,6
BRDA:281,40,0,6
BRDA:281,40,1,0
BRDA:283,41,0,6
BRDA:283,41,1,0
end_of_record
SF:/Users/ycao/dev/open-cluster-management/grc-ui/src-web/components/OverviewView.js
DA:33,2
DA:38,6
DA:39,6
DA:42,6
DA:43,0
DA:45,6
DA:46,6
DA:47,6
DA:48,6
DA:49,6
DA:53,6
DA:56,6
DA:57,6
DA:59,6
DA:61,6
DA:65,6
DA:69,1
DA:70,1
DA:71,1
DA:81,0
DA:83,0
DA:85,0
DA:86,0
DA:87,0
DA:88,0
DA:90,0
DA:92,0
DA:94,0
DA:99,6
DA:100,6
DA:101,6
DA:102,6
DA:104,6
DA:105,2
DA:108,4
DA:109,3
DA:110,0
DA:113,3
DA:117,1
DA:118,1
DA:126,0
DA:127,0
DA:128,0
DA:129,0
DA:130,0
DA:131,0
DA:133,0
DA:134,0
DA:162,0
DA:192,0
DA:193,0
DA:198,1
DA:202,0
DA:203,0
DA:204,0
DA:205,0
DA:206,0
DA:211,0
DA:215,30
DA:216,26
DA:217,26
DA:218,26
DA:220,2
DA:221,2
DA:222,2
DA:224,2
DA:225,2
DA:226,2
DA:230,6
DA:231,6
DA:232,6
DA:233,6
DA:234,6
DA:236,4
DA:237,4
DA:238,4
DA:241,2
DA:243,4
DA:245,4
DA:246,4
DA:247,4
DA:250,2
DA:252,4
DA:254,0
DA:255,0
DA:256,0
DA:257,0
DA:259,0
DA:261,4
DA:262,4
DA:263,4
DA:264,4
DA:265,2
DA:267,4
DA:269,4
DA:270,4
DA:271,4
DA:272,4
DA:273,2
DA:275,4
DA:277,0
DA:279,26
DA:280,26
DA:281,26
DA:283,26
DA:288,2
DA:303,2
DA:304,1
DA:305,1
DA:308,2
DA:309,1
DA:310,0
DA:311,0
BRDA:53,0,0,1
BRDA:83,1,0,0
BRDA:83,1,1,0
BRDA:83,2,0,0
BRDA:83,2,1,0
BRDA:88,3,0,0
BRDA:88,3,1,0
BRDA:101,4,0,1
BRDA:104,5,0,2
BRDA:104,5,1,4
BRDA:108,6,0,3
BRDA:108,6,1,1
BRDA:109,7,0,0
BRDA:109,7,1,3
BRDA:117,8,0,1
BRDA:117,8,1,0
BRDA:117,9,0,1
BRDA:117,9,1,1
BRDA:117,9,2,1
BRDA:133,10,0,0
BRDA:133,10,1,0
BRDA:204,11,0,0
BRDA:204,11,1,0
BRDA:204,12,0,0
BRDA:204,12,1,0
BRDA:215,13,0,26
BRDA:215,13,1,4
BRDA:218,14,0,2
BRDA:218,14,1,2
BRDA:218,14,2,2
BRDA:218,14,3,4
BRDA:218,14,4,6
BRDA:218,14,5,4
BRDA:218,14,6,4
BRDA:218,14,7,0
BRDA:218,14,8,4
BRDA:218,14,9,4
BRDA:218,14,10,0
BRDA:238,15,0,2
BRDA:238,15,1,2
BRDA:247,16,0,2
BRDA:247,16,1,2
BRDA:256,17,0,0
BRDA:256,17,1,0
BRDA:264,18,0,2
BRDA:264,18,1,2
BRDA:272,19,0,2
BRDA:272,19,1,2
BRDA:279,20,0,13
BRDA:279,20,1,13
BRDA:280,21,0,26
BRDA:280,21,1,0
end_of_record
SF:/Users/ycao/dev/open-cluster-management/grc-ui/src-web/components/SecondaryHeader.js
DA:21,2
DA:22,2
DA:27,12
DA:28,12
DA:29,12
DA:30,12
DA:34,12
DA:35,12
DA:36,12
DA:38,12
DA:41,2
DA:42,2
DA:44,10
DA:45,10
DA:47,12
DA:48,4
DA:49,4
DA:79,8
DA:90,6
DA:91,6
DA:93,1
DA:100,5
DA:111,0
DA:113,0
DA:114,0
DA:116,0
DA:124,4
DA:125,4
DA:126,4
DA:127,8
DA:128,8
DA:129,8
DA:141,4
DA:142,4
DA:143,4
DA:144,9
DA:149,1
DA:150,1
DA:151,1
DA:152,1
DA:154,1
DA:155,0
DA:157,1
DA:164,3
DA:165,3
DA:166,6
DA:167,6
DA:169,6
DA:170,3
DA:173,3
DA:177,1
DA:178,1
DA:182,2
DA:186,2
DA:197,2
DA:198,0
BRDA:38,0,0,1
BRDA:38,0,1,2
BRDA:38,0,2,10
BRDA:47,1,0,4
BRDA:47,1,1,8
BRDA:47,2,0,12
BRDA:47,2,1,3
BRDA:47,2,2,9
BRDA:47,2,3,2
BRDA:48,3,0,4
BRDA:48,3,1,0
BRDA:51,4,0,0
BRDA:51,4,1,4
BRDA:55,5,0,4
BRDA:55,5,1,1
BRDA:63,6,0,4
BRDA:63,6,1,3
BRDA:63,6,2,3
BRDA:64,7,0,3
BRDA:64,7,1,2
BRDA:71,8,0,4
BRDA:71,8,1,1
BRDA:71,8,2,0
BRDA:71,8,3,0
BRDA:90,9,0,6
BRDA:91,10,0,1
BRDA:91,10,1,5
BRDA:103,11,0,5
BRDA:103,11,1,0
BRDA:110,12,0,5
BRDA:110,12,1,5
BRDA:113,13,0,0
BRDA:113,13,1,0
BRDA:113,14,0,0
BRDA:113,14,1,0
BRDA:126,15,0,4
BRDA:126,15,1,3
BRDA:131,16,0,4
BRDA:131,16,1,4
BRDA:134,17,0,4
BRDA:134,17,1,0
BRDA:134,18,0,2
BRDA:134,18,1,2
BRDA:144,19,0,0
BRDA:144,19,1,9
BRDA:152,20,0,1
BRDA:152,21,0,1
BRDA:154,22,0,0
BRDA:154,22,1,1
BRDA:169,23,0,3
BRDA:169,23,1,3
BRDA:173,24,0,3
BRDA:173,24,1,1
BRDA:204,25,0,0
BRDA:204,25,1,0
end_of_record
SF:/Users/ycao/dev/open-cluster-management/grc-ui/src-web/components/TemplateEditor/TemplateEditor.js
DA:37,2
DA:38,2
DA:62,8
DA:63,8
DA:64,8
DA:65,8
DA:66,0
DA:67,8
DA:68,8
DA:69,8
DA:70,8
DA:73,8
DA:74,8
DA:75,8
DA:76,8
DA:77,8
DA:81,0
DA:82,0
DA:83,0
DA:84,0
DA:85,0
DA:86,0
DA:87,0
DA:88,0
DA:89,0
DA:90,0
DA:95,0
DA:99,8
DA:100,8
DA:101,8
DA:102,8
DA:110,8
DA:111,8
DA:112,0
DA:114,8
DA:115,0
DA:117,8
DA:118,8
DA:119,8
DA:120,8
DA:121,8
DA:125,0
DA:128,1
DA:131,25
DA:132,25
DA:133,25
DA:134,25
DA:135,0
DA:136,0
DA:137,0
DA:138,0
DA:139,0
DA:142,25
DA:146,0
DA:147,0
DA:151,1
DA:152,1
DA:156,25
DA:157,25
DA:158,25
DA:160,25
DA:161,0
DA:164,25
DA:165,0
DA:166,0
DA:169,0
DA:173,25
DA:177,25
DA:188,25
DA:189,25
DA:194,25
DA:195,25
DA:196,0
DA:198,25
DA:222,25
DA:223,25
DA:224,25
DA:230,200
DA:231,200
DA:233,25
DA:237,25
DA:241,125
DA:245,25
DA:249,0
DA:257,25
DA:258,25
DA:259,25
DA:261,1
DA:264,1
DA:265,0
DA:266,0
DA:270,1
DA:287,24
DA:291,25
DA:294,25
DA:295,25
DA:296,25
DA:297,25
DA:298,0
DA:302,25
DA:322,25
DA:323,25
DA:345,25
DA:346,25
DA:347,25
DA:349,25
DA:350,25
DA:351,25
DA:376,125
DA:377,125
DA:380,125
DA:381,125
DA:382,125
DA:383,0
DA:384,0
DA:385,0
DA:388,0
DA:389,0
DA:394,125
DA:395,125
DA:396,20
DA:397,20
DA:398,40
DA:399,0
DA:400,0
DA:402,40
DA:405,20
DA:409,125
DA:410,125
DA:428,5
DA:436,25
DA:437,25
DA:438,25
DA:440,25
DA:470,0
DA:473,0
DA:476,0
DA:477,0
DA:478,0
DA:479,0
DA:480,0
DA:481,0
DA:482,0
DA:483,0
DA:485,0
DA:489,0
DA:492,0
DA:496,12
DA:497,12
DA:498,12
DA:499,50
DA:500,12
DA:502,2
DA:503,2
DA:504,2
DA:506,2
DA:507,2
DA:509,8
DA:512,8
DA:513,8
DA:515,0
DA:516,0
DA:520,12
DA:522,0
DA:523,0
DA:524,0
DA:525,0
DA:528,0
DA:530,0
DA:534,12
DA:535,12
DA:536,12
DA:537,12
DA:538,12
DA:539,12
DA:543,5
DA:548,1
DA:549,1
DA:550,1
DA:551,1
DA:552,1
DA:553,1
DA:554,0
DA:555,0
DA:556,0
DA:557,0
DA:559,0
DA:560,0
DA:561,0
DA:566,2
DA:567,2
DA:568,2
DA:569,2
DA:570,2
DA:577,0
DA:578,0
DA:579,0
DA:580,0
DA:581,0
DA:582,0
DA:588,0
DA:589,0
DA:590,0
DA:591,0
DA:592,0
DA:597,4
DA:600,1
DA:601,1
DA:602,0
DA:604,0
DA:605,0
DA:606,0
DA:608,0
DA:610,0
DA:611,0
DA:612,0
DA:614,0
DA:616,0
DA:617,0
DA:618,0
DA:621,1
DA:623,1
DA:624,0
DA:626,1
DA:628,1
DA:629,0
DA:631,1
DA:633,1
DA:634,1
DA:637,0
DA:638,0
DA:640,0
DA:641,0
DA:643,4
DA:647,0
DA:648,0
DA:653,0
DA:654,0
DA:655,0
DA:656,0
DA:657,0
DA:658,0
DA:659,0
DA:660,0
DA:661,0
DA:662,0
DA:665,0
DA:667,0
DA:668,0
DA:673,0
DA:674,0
DA:675,0
DA:679,3
DA:680,3
DA:681,3
DA:682,3
DA:683,3
DA:684,3
DA:687,3
DA:688,0
DA:692,3
DA:693,3
DA:694,3
DA:695,0
DA:698,3
DA:699,3
DA:702,0
DA:705,1
DA:706,1
DA:707,1
DA:708,1
DA:709,1
DA:710,1
DA:712,1
DA:713,1
DA:715,1
DA:716,1
DA:718,0
DA:721,0
DA:722,0
DA:723,0
DA:724,0
DA:725,0
DA:729,0
DA:731,1
DA:735,25
DA:736,25
DA:737,25
DA:738,0
DA:739,0
DA:740,0
DA:741,0
DA:742,0
DA:743,0
DA:745,0
DA:747,0
DA:749,0
DA:750,0
DA:766,25
DA:770,25
DA:771,25
DA:772,25
DA:773,0
DA:774,0
DA:775,0
DA:785,25
DA:789,0
DA:790,0
DA:791,0
DA:792,0
DA:793,0
DA:798,25
DA:799,25
DA:800,25
DA:801,0
DA:802,0
DA:803,0
DA:804,0
DA:814,25
DA:818,1
DA:819,1
DA:820,1
DA:821,1
DA:822,1
DA:823,1
BRDA:62,0,0,8
BRDA:63,1,0,8
BRDA:63,1,1,8
BRDA:65,2,0,0
BRDA:65,2,1,8
BRDA:67,3,0,8
BRDA:67,3,1,0
BRDA:73,4,0,8
BRDA:73,4,1,0
BRDA:81,5,0,0
BRDA:81,5,1,0
BRDA:83,6,0,0
BRDA:83,6,1,0
BRDA:86,7,0,0
BRDA:86,7,1,0
BRDA:101,8,0,8
BRDA:101,8,1,0
BRDA:101,9,0,8
BRDA:101,9,1,0
BRDA:120,10,0,8
BRDA:132,11,0,0
BRDA:132,11,1,25
BRDA:134,12,0,0
BRDA:134,12,1,25
BRDA:136,13,0,0
BRDA:136,13,1,0
BRDA:138,14,0,0
BRDA:138,14,1,0
BRDA:157,15,0,25
BRDA:157,15,1,25
BRDA:160,16,0,0
BRDA:160,16,1,25
BRDA:164,17,0,0
BRDA:164,17,1,25
BRDA:165,18,0,0
BRDA:165,18,1,0
BRDA:195,19,0,0
BRDA:195,19,1,25
BRDA:200,20,0,25
BRDA:200,20,1,0
BRDA:231,21,0,25
BRDA:231,21,1,25
BRDA:231,21,2,125
BRDA:231,21,3,25
BRDA:259,22,0,1
BRDA:259,22,1,24
BRDA:265,23,0,0
BRDA:265,23,1,0
BRDA:276,24,0,1
BRDA:276,24,1,0
BRDA:295,25,0,25
BRDA:295,25,1,0
BRDA:297,26,0,0
BRDA:297,26,1,25
BRDA:297,27,0,25
BRDA:297,27,1,12
BRDA:307,28,0,25
BRDA:307,28,1,0
BRDA:349,29,0,10
BRDA:349,29,1,15
BRDA:349,30,0,25
BRDA:349,30,1,11
BRDA:354,31,0,0
BRDA:354,31,1,25
BRDA:357,32,0,25
BRDA:357,32,1,0
BRDA:381,33,0,90
BRDA:382,34,0,0
BRDA:382,34,1,125
BRDA:383,35,0,0
BRDA:383,35,1,0
BRDA:395,36,0,20
BRDA:395,36,1,105
BRDA:398,37,0,0
BRDA:398,37,1,40
BRDA:398,38,0,40
BRDA:398,38,1,0
BRDA:398,38,2,0
BRDA:400,39,0,0
BRDA:400,39,1,0
BRDA:413,40,0,25
BRDA:413,40,1,100
BRDA:416,41,0,50
BRDA:416,41,1,75
BRDA:473,42,0,0
BRDA:473,42,1,0
BRDA:477,43,0,0
BRDA:477,43,1,0
BRDA:477,44,0,0
BRDA:477,44,1,0
BRDA:479,45,0,0
BRDA:479,45,1,0
BRDA:500,46,0,2
BRDA:500,46,1,2
BRDA:500,46,2,8
BRDA:500,46,3,0
BRDA:512,47,0,8
BRDA:512,47,1,0
BRDA:520,48,0,0
BRDA:520,48,1,12
BRDA:523,49,0,0
BRDA:523,49,1,0
BRDA:524,50,0,0
BRDA:524,50,1,0
BRDA:555,51,0,0
BRDA:555,51,1,0
BRDA:566,52,0,2
BRDA:566,52,1,0
BRDA:577,53,0,0
BRDA:577,53,1,0
BRDA:578,54,0,0
BRDA:578,54,1,0
BRDA:597,55,0,1
BRDA:597,55,1,1
BRDA:597,55,2,1
BRDA:597,55,3,1
BRDA:597,55,4,1
BRDA:597,55,5,0
BRDA:597,55,6,0
BRDA:600,56,0,1
BRDA:600,56,1,0
BRDA:601,57,0,0
BRDA:601,57,1,1
BRDA:601,58,0,1
BRDA:601,58,1,0
BRDA:602,59,0,0
BRDA:602,59,1,0
BRDA:605,60,0,0
BRDA:605,60,1,0
BRDA:611,61,0,0
BRDA:611,61,1,0
BRDA:623,62,0,0
BRDA:623,62,1,1
BRDA:628,63,0,0
BRDA:628,63,1,1
BRDA:653,64,0,0
BRDA:653,64,1,0
BRDA:653,65,0,0
BRDA:653,65,1,0
BRDA:655,66,0,0
BRDA:655,66,1,0
BRDA:657,67,0,0
BRDA:657,67,1,0
BRDA:687,68,0,0
BRDA:687,68,1,3
BRDA:692,69,0,3
BRDA:692,69,1,0
BRDA:694,70,0,0
BRDA:694,70,1,3
BRDA:709,71,0,1
BRDA:709,71,1,0
BRDA:712,72,0,1
BRDA:712,72,1,0
BRDA:715,73,0,1
BRDA:715,73,1,0
BRDA:715,74,0,1
BRDA:715,74,1,0
BRDA:716,75,0,0
BRDA:716,75,1,1
BRDA:724,76,0,0
BRDA:724,76,1,0
BRDA:735,77,0,0
BRDA:737,78,0,0
BRDA:737,78,1,25
BRDA:739,79,0,0
BRDA:739,79,1,0
BRDA:742,80,0,0
BRDA:742,80,1,0
BRDA:754,81,0,0
BRDA:754,81,1,0
BRDA:760,82,0,0
BRDA:760,82,1,0
BRDA:770,83,0,0
BRDA:772,84,0,0
BRDA:772,84,1,25
BRDA:772,85,0,25
BRDA:772,85,1,0
BRDA:774,86,0,0
BRDA:774,86,1,0
BRDA:792,87,0,0
BRDA:792,87,1,0
BRDA:798,88,0,0
BRDA:800,89,0,0
BRDA:800,89,1,25
BRDA:800,90,0,25
BRDA:800,90,1,0
BRDA:802,91,0,0
BRDA:802,91,1,0
end_of_record
SF:/Users/ycao/dev/open-cluster-management/grc-ui/src-web/components/TemplateEditor/index.js
end_of_record
SF:/Users/ycao/dev/open-cluster-management/grc-ui/src-web/components/TemplateEditor/components/EditorBar.js
DA:28,0
DA:29,0
DA:30,0
DA:31,0
DA:36,0
DA:37,0
DA:42,16
DA:43,16
DA:44,4
DA:48,12
DA:53,12
DA:76,2
DA:77,2
DA:80,2
DA:84,0
DA:88,0
DA:89,0
DA:90,0
DA:94,2
DA:95,2
DA:96,2
DA:98,2
DA:108,2
DA:109,2
DA:110,1
DA:111,1
DA:112,0
DA:114,1
DA:120,2
DA:121,2
DA:132,16
DA:133,16
DA:146,1
DA:147,1
DA:171,0
DA:172,0
DA:176,1
DA:177,1
DA:178,1
DA:179,1
DA:180,1
DA:182,1
BRDA:29,0,0,0
BRDA:29,0,1,0
BRDA:36,1,0,0
BRDA:36,1,1,0
BRDA:42,2,0,16
BRDA:43,3,0,4
BRDA:43,3,1,12
BRDA:88,4,0,0
BRDA:88,4,1,0
BRDA:109,5,0,1
BRDA:109,5,1,1
BRDA:111,6,0,0
BRDA:111,6,1,1
BRDA:142,7,0,2
BRDA:142,7,1,1
end_of_record
SF:/Users/ycao/dev/open-cluster-management/grc-ui/src-web/components/TemplateEditor/components/YamlEditor.js
DA:25,3
DA:26,3
DA:27,3
DA:28,2
DA:31,3
DA:35,0
DA:36,0
DA:41,3
DA:45,0
DA:49,3
DA:53,3
DA:54,3
DA:78,3
BRDA:27,0,0,2
BRDA:27,0,1,1
BRDA:27,1,0,3
BRDA:27,1,1,3
BRDA:35,2,0,0
BRDA:35,2,1,0
BRDA:35,3,0,0
BRDA:35,3,1,0
BRDA:53,4,0,1
BRDA:53,5,0,1
BRDA:53,6,0,2
end_of_record
SF:/Users/ycao/dev/open-cluster-management/grc-ui/src-web/components/TemplateEditor/components/YamlParser.js
DA:12,2
DA:16,0
DA:17,0
DA:18,0
DA:19,0
DA:20,0
DA:26,942
DA:27,942
DA:28,942
DA:29,942
DA:30,942
DA:31,942
DA:35,942
DA:36,942
DA:37,942
DA:38,942
DA:39,147
DA:40,147
DA:41,2111
DA:43,147
DA:46,942
DA:47,942
DA:49,942
DA:50,2567
DA:51,505
DA:55,2062
DA:56,0
DA:59,2062
DA:60,2062
DA:61,2062
DA:62,2062
DA:63,2062
DA:64,2062
DA:65,2062
DA:66,2062
DA:67,2062
DA:68,2062
DA:69,2062
DA:70,2062
DA:72,2062
DA:73,2062
DA:74,2062
DA:75,2062
DA:76,2062
DA:77,1956
DA:78,1956
DA:80,2062
DA:81,106
DA:82,0
DA:84,106
DA:86,106
DA:87,102
DA:90,106
DA:95,106
DA:96,106
DA:97,0
DA:101,0
DA:102,0
DA:106,106
DA:107,106
DA:108,0
DA:109,0
DA:110,0
DA:111,0
DA:115,0
DA:117,106
DA:120,98
DA:125,98
DA:126,98
DA:127,98
DA:128,98
DA:130,98
DA:131,98
DA:135,98
DA:140,98
DA:142,8
DA:147,1956
DA:148,1911
DA:149,686
DA:151,1911
DA:152,0
DA:154,1911
DA:156,1911
DA:161,1911
DA:162,1911
DA:164,0
DA:165,0
DA:166,0
DA:168,0
DA:171,1911
DA:172,1911
DA:173,0
DA:174,0
DA:175,0
DA:176,0
DA:179,0
DA:180,0
DA:182,0
DA:185,0
DA:186,0
DA:187,0
DA:188,0
DA:189,0
DA:191,0
DA:192,0
DA:193,0
DA:194,0
DA:196,0
DA:197,0
DA:198,0
DA:199,0
DA:200,0
DA:201,0
DA:203,0
DA:207,0
DA:210,0
DA:212,1911
DA:213,0
DA:217,0
DA:218,0
DA:221,1911
DA:223,0
DA:226,1911
DA:228,792
DA:229,792
DA:230,95
DA:231,0
DA:233,95
DA:234,95
DA:236,697
DA:237,697
DA:238,697
DA:239,697
DA:240,0
DA:242,697
DA:243,697
DA:244,697
DA:245,697
DA:248,1119
DA:249,0
DA:251,1119
DA:252,1119
DA:253,0
DA:255,1119
DA:256,1119
DA:261,45
DA:262,45
DA:263,45
DA:265,0
DA:266,0
DA:267,0
DA:269,0
DA:272,45
DA:273,45
DA:274,45
DA:275,0
DA:276,0
DA:277,0
DA:278,0
DA:280,0
DA:284,45
DA:287,0
DA:290,2017
DA:291,0
DA:292,2017
DA:293,0
DA:294,0
DA:295,0
DA:296,0
DA:299,0
DA:303,897
DA:307,8875
DA:308,8875
DA:309,7715
DA:310,7715
DA:311,1919
DA:312,1919
DA:313,1919
DA:314,1919
DA:315,0
DA:317,1919
DA:319,5796
DA:322,1160
DA:326,4432
DA:330,795
DA:331,795
DA:332,795
DA:335,795
DA:336,697
DA:338,697
DA:340,697
DA:341,0
DA:344,98
DA:347,795
DA:348,795
DA:349,795
DA:350,98
DA:353,795
DA:354,795
DA:355,795
DA:356,795
DA:359,1874
DA:360,1874
DA:361,0
DA:362,0
DA:363,0
DA:364,0
DA:365,0
DA:368,0
DA:370,0
DA:371,0
DA:372,0
DA:373,0
DA:376,0
DA:379,1874
DA:380,1874
DA:381,0
DA:382,0
DA:383,0
DA:385,0
DA:386,0
DA:390,1874
DA:391,98
DA:392,98
DA:396,1776
DA:397,343
DA:398,245
DA:400,343
DA:403,1433
DA:404,1433
DA:405,1433
DA:407,0
DA:408,1433
DA:409,1237
DA:410,196
DA:412,196
DA:413,196
DA:415,0
DA:419,795
DA:423,1874
DA:424,1874
DA:425,1874
DA:426,0
DA:428,1874
DA:429,1874
DA:430,1739
DA:431,1739
DA:432,1739
DA:433,1739
DA:434,1739
DA:435,1739
DA:437,1739
DA:442,135
DA:447,3478
DA:448,3478
DA:449,2040
DA:450,0
DA:453,3478
DA:457,7875
DA:458,1714
DA:461,6161
DA:462,6161
DA:463,6161
DA:464,6161
DA:465,6161
DA:466,6161
DA:467,5302
DA:470,6161
DA:474,1219
DA:475,1219
DA:476,1219
DA:477,1219
DA:478,1219
DA:483,1127
DA:484,0
DA:485,0
DA:487,0
DA:490,0
DA:491,0
DA:493,0
DA:496,1127
DA:497,1127
DA:498,0
DA:503,0
DA:505,0
DA:507,1127
DA:508,1127
DA:510,0
DA:511,0
DA:512,0
DA:514,0
DA:519,0
DA:520,0
DA:522,0
DA:523,0
DA:526,0
DA:527,0
DA:528,0
DA:530,0
DA:532,0
DA:533,0
DA:535,0
DA:538,0
DA:539,0
DA:542,0
DA:543,0
DA:544,0
DA:546,0
DA:549,0
DA:554,0
DA:555,0
DA:557,0
DA:558,0
DA:559,0
DA:560,0
DA:561,0
DA:562,0
DA:563,0
DA:564,0
DA:565,0
DA:566,0
DA:568,0
DA:569,0
DA:573,0
DA:574,0
DA:576,0
DA:577,0
DA:578,0
DA:579,0
DA:580,0
DA:582,0
DA:583,0
DA:587,0
DA:588,0
DA:591,0
DA:593,0
DA:594,0
DA:596,0
DA:598,0
DA:599,0
DA:602,0
DA:606,890
DA:607,890
DA:609,890
DA:610,158
DA:613,890
DA:614,158
DA:617,732
DA:618,732
DA:619,193
DA:622,732
DA:624,732
DA:628,6123
DA:632,6466
DA:636,5155
DA:637,5155
DA:641,942
DA:643,942
DA:644,648
DA:648,942
DA:649,942
DA:650,942
DA:651,0
DA:652,0
DA:654,942
DA:657,942
DA:658,942
DA:659,0
DA:662,0
DA:663,0
DA:667,942
DA:668,942
DA:669,0
DA:672,0
DA:673,0
DA:676,0
DA:679,942
DA:683,193
DA:684,193
DA:686,193
DA:687,0
DA:690,193
DA:691,0
DA:694,193
DA:695,193
DA:697,98
DA:700,193
DA:702,193
DA:706,1881
DA:710,45
DA:714,942
DA:718,6997
DA:722,0
DA:723,0
DA:724,0
DA:725,0
DA:728,0
DA:732,0
DA:735,0
DA:736,0
DA:737,0
DA:738,0
DA:742,0
DA:745,0
DA:746,0
DA:747,0
DA:748,0
DA:752,0
DA:756,0
DA:761,0
DA:762,0
DA:763,0
DA:765,0
DA:769,0
DA:771,0
DA:772,0
DA:774,0
DA:775,0
DA:777,0
DA:778,0
DA:781,0
DA:782,0
DA:783,0
DA:784,0
DA:785,0
DA:787,0
DA:790,0
DA:794,10394
DA:801,0
DA:805,98
DA:806,0
DA:810,98
DA:814,0
DA:816,0
DA:818,0
DA:820,0
DA:822,0
DA:824,0
DA:826,0
DA:828,0
DA:830,0
DA:832,0
DA:834,0
DA:836,0
DA:838,0
DA:840,0
DA:842,0
DA:845,0
DA:848,0
DA:851,0
DA:854,0
DA:856,0
DA:858,0
DA:860,0
DA:865,0
DA:866,0
DA:867,0
DA:868,0
DA:870,0
DA:871,0
DA:872,0
DA:873,0
DA:874,0
DA:875,0
DA:876,0
DA:878,0
DA:879,0
DA:881,0
DA:883,0
DA:884,0
DA:886,0
DA:887,0
DA:889,0
DA:890,0
DA:891,0
DA:892,0
DA:894,0
DA:896,0
DA:897,0
DA:899,0
DA:900,0
DA:902,0
DA:903,0
DA:904,0
DA:905,0
DA:906,0
DA:907,0
DA:909,0
DA:911,0
DA:914,0
DA:915,0
DA:917,0
DA:921,2
DA:926,1172
DA:927,1172
DA:929,1172
DA:930,0
DA:933,1172
DA:935,143
DA:936,143
DA:938,8
DA:939,8
DA:941,1021
DA:945,1172
DA:946,0
DA:949,1172
DA:953,3070
DA:954,2932
DA:956,3070
DA:957,2932
DA:959,3070
DA:960,2932
DA:962,3070
DA:963,3046
DA:966,3070
DA:967,3070
DA:968,3070
DA:970,3070
DA:972,98
DA:973,98
DA:974,98
DA:975,98
DA:976,98
DA:977,0
DA:982,2972
DA:983,40
DA:985,2972
DA:986,2932
DA:988,2932
DA:991,2932
DA:992,2932
DA:993,1021
DA:995,40
DA:996,40
DA:997,40
DA:999,0
DA:1003,2972
DA:1004,2972
DA:1005,0
DA:1007,2972
DA:1010,3070
DA:1012,3070
DA:1016,98
DA:1019,98
DA:1020,0
DA:1023,98
DA:1025,98
DA:1027,98
DA:1028,98
DA:1030,0
DA:1033,98
DA:1035,98
DA:1036,98
DA:1040,98
DA:1042,0
DA:1043,0
DA:1045,0
DA:1046,0
DA:1051,98
DA:1055,151
DA:1056,143
DA:1059,151
DA:1060,151
DA:1061,151
DA:1064,151
DA:1065,249
DA:1068,0
DA:1069,0
DA:1070,0
DA:1073,0
DA:1074,0
DA:1075,0
DA:1077,151
DA:1078,151
DA:1081,0
DA:1083,98
DA:1084,98
DA:1085,98
DA:1087,98
DA:1089,98
DA:1091,98
DA:1095,98
DA:1098,0
DA:1102,8
DA:1103,8
DA:1105,8
DA:1106,8
DA:1107,8
DA:1108,8
DA:1109,8
DA:1112,8
DA:1113,64
DA:1115,64
DA:1118,32
DA:1119,32
DA:1120,32
DA:1122,8
DA:1123,8
DA:1126,56
DA:1127,32
DA:1131,24
DA:1132,24
DA:1135,24
DA:1136,24
DA:1137,72
DA:1140,8
DA:1141,8
DA:1142,8
DA:1143,8
DA:1146,0
DA:1149,0
DA:1150,0
DA:1151,0
DA:1154,48
DA:1156,16
DA:1157,16
DA:1158,16
DA:1159,16
DA:1162,72
DA:1164,72
DA:1165,24
DA:1166,24
DA:1170,24
DA:1171,24
DA:1175,0
DA:1179,2948
DA:1181,2948
DA:1182,2948
DA:1184,2948
DA:1185,0
DA:1187,2948
DA:1188,0
DA:1190,2948
DA:1191,0
DA:1193,2948
DA:1194,8
DA:1195,8
DA:1196,8
DA:1198,2940
DA:1199,0
DA:1201,2940
DA:1202,49
DA:1204,2891
DA:1205,0
DA:1207,2891
DA:1208,0
DA:1210,2891
DA:1211,0
DA:1213,2891
DA:1214,0
DA:1216,2891
DA:1217,0
DA:1219,2891
DA:1220,0
DA:1223,2891
DA:1227,2891
DA:1242,4120
DA:1246,2891
DA:1251,3266
DA:1252,3266
DA:1253,6336
DA:1255,2972
DA:1259,0
DA:1261,0
DA:1262,0
DA:1263,0
DA:1267,0
DA:1271,4
DA:1275,0
DA:1276,0
DA:1277,0
DA:1281,0
DA:1282,0
DA:1283,0
DA:1284,0
DA:1286,0
DA:1287,0
DA:1288,0
DA:1290,0
DA:1291,0
DA:1293,0
DA:1297,0
DA:1298,0
DA:1310,0
DA:1311,0
DA:1312,0
DA:1313,0
DA:1314,0
DA:1317,0
DA:1319,0
DA:1320,0
DA:1322,0
DA:1323,0
DA:1325,0
DA:1326,0
DA:1328,0
DA:1329,0
DA:1331,0
DA:1332,0
DA:1334,0
DA:1335,0
DA:1337,0
DA:1338,0
DA:1340,0
DA:1341,0
DA:1342,0
DA:1343,0
DA:1344,0
DA:1346,0
DA:1347,0
DA:1348,0
DA:1351,0
DA:1352,0
DA:1356,0
DA:1357,0
DA:1361,0
DA:1363,0
DA:1364,0
DA:1365,0
DA:1367,0
DA:1368,0
DA:1370,0
DA:1371,0
DA:1373,0
DA:1374,0
DA:1376,0
DA:1377,0
DA:1379,0
DA:1380,0
DA:1382,0
DA:1383,0
DA:1385,0
DA:1386,0
DA:1389,0
DA:1391,0
DA:1393,0
DA:1395,0
DA:1396,0
DA:1397,0
DA:1398,0
DA:1400,0
DA:1401,0
DA:1404,0
DA:1405,0
DA:1406,0
DA:1407,0
DA:1408,0
DA:1410,0
DA:1411,0
DA:1412,0
DA:1413,0
DA:1415,0
DA:1416,0
DA:1417,0
DA:1420,0
DA:1425,2
BRDA:17,0,0,0
BRDA:17,0,1,0
BRDA:18,1,0,0
BRDA:18,1,1,0
BRDA:19,2,0,0
BRDA:19,2,1,0
BRDA:30,3,0,795
BRDA:30,3,1,147
BRDA:38,4,0,147
BRDA:38,4,1,795
BRDA:39,5,0,147
BRDA:39,5,1,49
BRDA:50,6,0,505
BRDA:50,6,1,2062
BRDA:55,7,0,0
BRDA:55,7,1,2062
BRDA:76,8,0,1956
BRDA:76,8,1,106
BRDA:80,9,0,106
BRDA:80,9,1,1956
BRDA:81,10,0,0
BRDA:81,10,1,106
BRDA:81,11,0,106
BRDA:81,11,1,4
BRDA:86,12,0,102
BRDA:86,12,1,4
BRDA:96,13,0,0
BRDA:96,13,1,106
BRDA:96,14,0,106
BRDA:96,14,1,106
BRDA:107,15,0,0
BRDA:107,15,1,106
BRDA:107,16,0,106
BRDA:107,16,1,106
BRDA:107,16,2,106
BRDA:117,17,0,98
BRDA:117,17,1,8
BRDA:117,18,0,106
BRDA:117,18,1,106
BRDA:117,18,2,106
BRDA:130,19,0,98
BRDA:130,19,1,0
BRDA:147,20,0,1911
BRDA:147,20,1,45
BRDA:148,21,0,686
BRDA:148,21,1,1225
BRDA:151,22,0,0
BRDA:151,22,1,1911
BRDA:151,23,0,1911
BRDA:151,23,1,1225
BRDA:164,24,0,0
BRDA:164,24,1,0
BRDA:172,25,0,0
BRDA:172,25,1,1911
BRDA:173,26,0,0
BRDA:173,26,1,0
BRDA:173,27,0,0
BRDA:173,27,1,0
BRDA:175,28,0,0
BRDA:175,28,1,0
BRDA:179,29,0,0
BRDA:179,29,1,0
BRDA:179,30,0,0
BRDA:179,30,1,0
BRDA:192,31,0,0
BRDA:192,31,1,0
BRDA:194,32,0,0
BRDA:194,32,1,0
BRDA:200,33,0,0
BRDA:200,33,1,0
BRDA:212,34,0,0
BRDA:212,34,1,1911
BRDA:212,35,0,1911
BRDA:212,35,1,1911
BRDA:221,36,0,0
BRDA:221,36,1,1911
BRDA:226,37,0,792
BRDA:226,37,1,1119
BRDA:226,38,0,1911
BRDA:226,38,1,1911
BRDA:226,38,2,1911
BRDA:229,39,0,95
BRDA:229,39,1,697
BRDA:229,40,0,792
BRDA:229,40,1,193
BRDA:230,41,0,0
BRDA:230,41,1,95
BRDA:239,42,0,0
BRDA:239,42,1,697
BRDA:248,43,0,0
BRDA:248,43,1,1119
BRDA:252,44,0,0
BRDA:252,44,1,1119
BRDA:261,45,0,45
BRDA:261,45,1,0
BRDA:261,46,0,45
BRDA:261,46,1,45
BRDA:265,47,0,0
BRDA:265,47,1,0
BRDA:272,48,0,45
BRDA:272,48,1,0
BRDA:274,49,0,0
BRDA:274,49,1,45
BRDA:274,50,0,45
BRDA:274,50,1,0
BRDA:290,51,0,0
BRDA:290,51,1,2017
BRDA:290,52,0,2017
BRDA:290,52,1,0
BRDA:292,53,0,0
BRDA:292,53,1,2017
BRDA:295,54,0,0
BRDA:295,54,1,0
BRDA:303,55,0,109
BRDA:303,55,1,788
BRDA:308,56,0,7715
BRDA:308,56,1,1160
BRDA:310,57,0,1919
BRDA:310,57,1,5796
BRDA:314,58,0,0
BRDA:314,58,1,1919
BRDA:335,59,0,697
BRDA:335,59,1,98
BRDA:340,60,0,0
BRDA:340,60,1,697
BRDA:340,61,0,697
BRDA:340,61,1,588
BRDA:340,61,2,98
BRDA:349,62,0,98
BRDA:349,62,1,697
BRDA:360,63,0,0
BRDA:360,63,1,1874
BRDA:363,64,0,0
BRDA:363,64,1,0
BRDA:364,65,0,0
BRDA:364,65,1,0
BRDA:372,66,0,0
BRDA:372,66,1,0
BRDA:372,67,0,0
BRDA:372,67,1,0
BRDA:372,67,2,0
BRDA:372,67,3,0
BRDA:380,68,0,0
BRDA:380,68,1,1874
BRDA:382,69,0,0
BRDA:382,69,1,0
BRDA:390,70,0,98
BRDA:390,70,1,1776
BRDA:390,71,0,1874
BRDA:390,71,1,196
BRDA:390,71,2,196
BRDA:396,72,0,343
BRDA:396,72,1,1433
BRDA:397,73,0,245
BRDA:397,73,1,98
BRDA:405,74,0,0
BRDA:405,74,1,1433
BRDA:408,75,0,1237
BRDA:408,75,1,196
BRDA:410,76,0,196
BRDA:410,76,1,0
BRDA:424,77,0,1874
BRDA:424,77,1,0
BRDA:425,78,0,0
BRDA:425,78,1,1874
BRDA:429,79,0,1739
BRDA:429,79,1,135
BRDA:430,80,0,1739
BRDA:430,80,1,0
BRDA:430,81,0,1739
BRDA:430,81,1,1739
BRDA:434,82,0,1739
BRDA:434,82,1,0
BRDA:448,83,0,2040
BRDA:448,83,1,1438
BRDA:448,84,0,3478
BRDA:448,84,1,2284
BRDA:448,84,2,244
BRDA:448,84,3,0
BRDA:449,85,0,0
BRDA:449,85,1,2040
BRDA:457,86,0,1714
BRDA:457,86,1,6161
BRDA:466,87,0,5302
BRDA:466,87,1,859
BRDA:477,88,0,1219
BRDA:477,88,1,0
BRDA:483,89,0,0
BRDA:483,89,1,1127
BRDA:484,90,0,0
BRDA:484,90,1,0
BRDA:490,91,0,0
BRDA:490,91,1,0
BRDA:497,92,0,0
BRDA:497,92,1,1127
BRDA:503,93,0,0
BRDA:503,93,1,0
BRDA:510,94,0,0
BRDA:510,94,1,0
BRDA:519,95,0,0
BRDA:519,95,1,0
BRDA:522,96,0,0
BRDA:522,96,1,0
BRDA:526,97,0,0
BRDA:526,97,1,0
BRDA:532,98,0,0
BRDA:532,98,1,0
BRDA:538,99,0,0
BRDA:538,99,1,0
BRDA:542,100,0,0
BRDA:542,100,1,0
BRDA:543,101,0,0
BRDA:543,101,1,0
BRDA:564,102,0,0
BRDA:564,102,1,0
BRDA:568,103,0,0
BRDA:568,103,1,0
BRDA:573,104,0,0
BRDA:573,104,1,0
BRDA:573,105,0,0
BRDA:573,105,1,0
BRDA:578,106,0,0
BRDA:578,106,1,0
BRDA:579,107,0,0
BRDA:579,107,1,0
BRDA:587,108,0,0
BRDA:587,108,1,0
BRDA:591,109,0,0
BRDA:591,109,1,0
BRDA:591,109,2,0
BRDA:609,110,0,1048
BRDA:609,110,1,890
BRDA:613,111,0,158
BRDA:613,111,1,732
BRDA:618,112,0,193
BRDA:618,112,1,539
BRDA:628,113,0,6123
BRDA:628,113,1,5155
BRDA:643,114,0,648
BRDA:643,114,1,294
BRDA:658,115,0,0
BRDA:658,115,1,942
BRDA:668,116,0,0
BRDA:668,116,1,942
BRDA:686,117,0,193
BRDA:686,117,1,193
BRDA:690,118,0,0
BRDA:690,118,1,193
BRDA:695,119,0,98
BRDA:695,119,1,95
BRDA:696,120,0,193
BRDA:696,120,1,193
BRDA:710,121,0,45
BRDA:710,121,1,45
BRDA:714,122,0,942
BRDA:714,122,1,942
BRDA:714,122,2,833
BRDA:714,122,3,788
BRDA:714,122,4,788
BRDA:714,122,5,788
BRDA:718,123,0,6997
BRDA:718,123,1,6300
BRDA:736,124,0,0
BRDA:736,124,1,0
BRDA:737,125,0,0
BRDA:737,125,1,0
BRDA:746,126,0,0
BRDA:746,126,1,0
BRDA:747,127,0,0
BRDA:747,127,1,0
BRDA:774,128,0,0
BRDA:774,128,1,0
BRDA:777,129,0,0
BRDA:777,129,1,0
BRDA:784,130,0,0
BRDA:784,130,1,0
BRDA:814,131,0,0
BRDA:814,131,1,0
BRDA:814,131,2,0
BRDA:814,131,3,0
BRDA:814,131,4,0
BRDA:814,131,5,0
BRDA:814,131,6,0
BRDA:814,131,7,0
BRDA:814,131,8,0
BRDA:814,131,9,0
BRDA:814,131,10,0
BRDA:814,131,11,0
BRDA:814,131,12,0
BRDA:814,131,13,0
BRDA:814,131,14,0
BRDA:814,131,15,0
BRDA:814,131,16,0
BRDA:814,131,17,0
BRDA:814,131,18,0
BRDA:814,131,19,0
BRDA:814,131,20,0
BRDA:874,132,0,0
BRDA:874,132,1,0
BRDA:878,133,0,0
BRDA:878,133,1,0
BRDA:881,134,0,0
BRDA:881,134,1,0
BRDA:881,134,2,0
BRDA:883,135,0,0
BRDA:883,135,1,0
BRDA:886,136,0,0
BRDA:886,136,1,0
BRDA:896,137,0,0
BRDA:896,137,1,0
BRDA:899,138,0,0
BRDA:899,138,1,0
BRDA:914,139,0,0
BRDA:914,139,1,0
BRDA:929,140,0,0
BRDA:929,140,1,1172
BRDA:933,141,0,143
BRDA:933,141,1,8
BRDA:933,141,2,1021
BRDA:945,142,0,0
BRDA:945,142,1,1172
BRDA:953,143,0,2932
BRDA:953,143,1,138
BRDA:956,144,0,2932
BRDA:956,144,1,138
BRDA:959,145,0,2932
BRDA:959,145,1,138
BRDA:962,146,0,3046
BRDA:962,146,1,24
BRDA:970,147,0,98
BRDA:970,147,1,2972
BRDA:974,148,0,98
BRDA:974,148,1,0
BRDA:976,149,0,0
BRDA:976,149,1,98
BRDA:982,150,0,40
BRDA:982,150,1,2932
BRDA:985,151,0,2932
BRDA:985,151,1,40
BRDA:992,152,0,1021
BRDA:992,152,1,1911
BRDA:995,153,0,40
BRDA:995,153,1,0
BRDA:1004,154,0,0
BRDA:1004,154,1,2972
BRDA:1004,155,0,2972
BRDA:1004,155,1,2972
BRDA:1007,156,0,2948
BRDA:1007,156,1,24
BRDA:1019,157,0,0
BRDA:1019,157,1,98
BRDA:1027,158,0,98
BRDA:1027,158,1,0
BRDA:1040,159,0,0
BRDA:1040,159,1,98
BRDA:1040,160,0,98
BRDA:1040,160,1,0
BRDA:1045,161,0,0
BRDA:1045,161,1,0
BRDA:1055,162,0,143
BRDA:1055,162,1,8
BRDA:1065,163,0,0
BRDA:1065,163,1,0
BRDA:1065,163,2,151
BRDA:1065,163,3,0
BRDA:1065,163,4,0
BRDA:1065,163,5,98
BRDA:1102,164,0,8
BRDA:1102,164,1,0
BRDA:1115,165,0,16
BRDA:1115,165,1,32
BRDA:1115,165,2,8
BRDA:1126,166,0,32
BRDA:1126,166,1,24
BRDA:1137,167,0,8
BRDA:1137,167,1,0
BRDA:1137,167,2,24
BRDA:1137,167,3,48
BRDA:1137,167,4,16
BRDA:1164,168,0,24
BRDA:1164,168,1,48
BRDA:1170,169,0,24
BRDA:1170,169,1,0
BRDA:1184,170,0,0
BRDA:1184,170,1,2948
BRDA:1184,171,0,2948
BRDA:1184,171,1,2948
BRDA:1184,171,2,2948
BRDA:1187,172,0,0
BRDA:1187,172,1,2948
BRDA:1190,173,0,0
BRDA:1190,173,1,2948
BRDA:1193,174,0,8
BRDA:1193,174,1,2940
BRDA:1196,175,0,4
BRDA:1196,175,1,4
BRDA:1196,176,0,4
BRDA:1196,176,1,0
BRDA:1198,177,0,0
BRDA:1198,177,1,2940
BRDA:1201,178,0,49
BRDA:1201,178,1,2891
BRDA:1204,179,0,0
BRDA:1204,179,1,2891
BRDA:1205,180,0,0
BRDA:1205,180,1,0
BRDA:1207,181,0,0
BRDA:1207,181,1,2891
BRDA:1210,182,0,0
BRDA:1210,182,1,2891
BRDA:1213,183,0,0
BRDA:1213,183,1,2891
BRDA:1216,184,0,0
BRDA:1216,184,1,2891
BRDA:1219,185,0,0
BRDA:1219,185,1,2891
BRDA:1246,186,0,2891
BRDA:1246,186,1,0
BRDA:1246,186,2,0
BRDA:1253,187,0,294
BRDA:1253,187,1,6042
BRDA:1262,188,0,0
BRDA:1262,188,1,0
BRDA:1276,189,0,0
BRDA:1276,189,1,0
BRDA:1283,190,0,0
BRDA:1283,190,1,0
BRDA:1284,191,0,0
BRDA:1284,191,1,0
BRDA:1284,192,0,0
BRDA:1284,192,1,0
BRDA:1284,193,0,0
BRDA:1284,193,1,0
BRDA:1284,194,0,0
BRDA:1284,194,1,0
BRDA:1287,195,0,0
BRDA:1287,195,1,0
BRDA:1288,196,0,0
BRDA:1288,196,1,0
BRDA:1290,197,0,0
BRDA:1290,197,1,0
BRDA:1311,198,0,0
BRDA:1311,198,1,0
BRDA:1312,199,0,0
BRDA:1312,199,1,0
BRDA:1313,200,0,0
BRDA:1313,200,1,0
BRDA:1314,201,0,0
BRDA:1314,201,1,0
BRDA:1314,201,2,0
BRDA:1317,202,0,0
BRDA:1317,202,1,0
BRDA:1317,202,2,0
BRDA:1317,202,3,0
BRDA:1317,202,4,0
BRDA:1317,202,5,0
BRDA:1317,202,6,0
BRDA:1337,203,0,0
BRDA:1337,203,1,0
BRDA:1337,204,0,0
BRDA:1337,204,1,0
BRDA:1341,205,0,0
BRDA:1341,205,1,0
BRDA:1343,206,0,0
BRDA:1343,206,1,0
BRDA:1346,207,0,0
BRDA:1346,207,1,0
BRDA:1347,208,0,0
BRDA:1347,208,1,0
BRDA:1351,209,0,0
BRDA:1351,209,1,0
BRDA:1363,210,0,0
BRDA:1363,210,1,0
BRDA:1365,211,0,0
BRDA:1365,211,1,0
BRDA:1365,211,2,0
BRDA:1365,211,3,0
BRDA:1365,211,4,0
BRDA:1365,211,5,0
BRDA:1365,211,6,0
BRDA:1396,212,0,0
BRDA:1396,212,1,0
BRDA:1397,213,0,0
BRDA:1397,213,1,0
BRDA:1400,214,0,0
BRDA:1400,214,1,0
BRDA:1405,215,0,0
BRDA:1405,215,1,0
BRDA:1407,216,0,0
BRDA:1407,216,1,0
BRDA:1407,217,0,0
BRDA:1407,217,1,0
BRDA:1407,218,0,0
BRDA:1407,218,1,0
BRDA:1407,219,0,0
BRDA:1407,219,1,0
BRDA:1407,220,0,0
BRDA:1407,220,1,0
BRDA:1408,221,0,0
BRDA:1408,221,1,0
BRDA:1412,222,0,0
BRDA:1412,222,1,0
BRDA:1416,223,0,0
BRDA:1416,223,1,0
BRDA:1420,224,0,0
BRDA:1420,224,1,0
end_of_record
SF:/Users/ycao/dev/open-cluster-management/grc-ui/src-web/components/TemplateEditor/utils/update-controls.js
DA:16,2
DA:17,9
DA:18,72
DA:19,72
DA:22,72
DA:23,9
DA:28,72
DA:29,0
DA:30,0
DA:31,0
DA:32,0
DA:37,72
DA:38,0
DA:39,0
DA:40,0
DA:41,0
DA:43,0
DA:44,0
DA:45,0
DA:46,0
DA:47,0
DA:48,0
DA:49,0
DA:51,0
DA:52,0
DA:54,0
DA:55,0
DA:56,0
DA:57,0
DA:58,0
DA:59,0
DA:60,0
DA:63,0
DA:69,72
DA:70,72
DA:71,72
DA:72,90
DA:75,72
DA:80,2
DA:81,0
DA:82,0
DA:83,0
DA:84,0
DA:89,2
DA:92,3
DA:93,3
DA:94,24
DA:95,24
DA:97,3
DA:98,3
DA:100,3
DA:101,3
DA:103,3
DA:104,3
DA:106,15
DA:107,15
DA:110,3
DA:113,2
DA:114,3
DA:115,3
DA:116,3
DA:117,3
DA:120,2
DA:121,3
DA:122,3
DA:123,0
DA:126,3
DA:130,2
DA:131,3
DA:133,3
DA:134,2
DA:137,1
DA:141,2
DA:142,15
DA:143,15
DA:144,0
DA:145,15
DA:146,0
DA:148,15
DA:153,2
DA:154,15
DA:155,15
DA:156,0
DA:157,0
DA:158,0
DA:159,0
DA:160,0
DA:161,0
DA:164,15
DA:166,15
DA:169,2
DA:170,0
DA:171,0
DA:172,0
DA:173,0
DA:174,0
DA:175,0
DA:176,0
DA:177,0
DA:178,0
DA:179,0
DA:180,0
DA:181,0
DA:185,0
DA:186,0
DA:187,0
DA:188,0
DA:189,0
DA:190,0
DA:191,0
DA:192,0
DA:193,0
DA:194,0
DA:200,0
DA:201,0
DA:202,0
DA:204,0
DA:207,2
DA:210,0
DA:211,0
DA:214,0
DA:216,0
DA:217,0
DA:219,0
DA:220,0
DA:222,0
DA:226,0
DA:227,0
DA:229,0
DA:232,2
DA:233,0
DA:234,0
DA:235,0
DA:236,0
DA:237,0
DA:240,0
DA:243,2
DA:244,0
DA:245,0
DA:246,0
DA:247,0
DA:248,0
DA:251,0
DA:252,0
DA:253,0
DA:254,0
DA:256,0
DA:257,0
DA:260,0
DA:264,2
DA:265,49
DA:266,49
DA:267,49
DA:268,49
DA:270,49
DA:271,49
DA:272,147
DA:273,147
DA:274,147
DA:275,147
DA:276,147
DA:278,147
DA:279,147
DA:280,147
DA:281,147
DA:282,147
DA:283,147
DA:284,147
DA:285,147
DA:286,147
DA:290,0
DA:291,0
DA:292,0
DA:299,49
BRDA:19,0,0,18
BRDA:22,1,0,9
BRDA:22,1,1,63
BRDA:28,2,0,0
BRDA:28,2,1,72
BRDA:31,3,0,0
BRDA:31,3,1,0
BRDA:37,4,0,0
BRDA:37,4,1,72
BRDA:44,5,0,0
BRDA:44,5,1,0
BRDA:47,6,0,0
BRDA:47,6,1,0
BRDA:54,7,0,0
BRDA:54,7,1,0
BRDA:57,8,0,0
BRDA:57,8,1,0
BRDA:57,9,0,0
BRDA:57,9,1,0
BRDA:59,10,0,0
BRDA:59,10,1,0
BRDA:59,11,0,0
BRDA:59,11,1,0
BRDA:69,12,0,72
BRDA:69,12,1,0
BRDA:70,13,0,9
BRDA:70,13,1,63
BRDA:82,14,0,0
BRDA:82,14,1,0
BRDA:82,15,0,0
BRDA:82,15,1,0
BRDA:82,15,2,0
BRDA:95,16,0,3
BRDA:95,16,1,3
BRDA:95,16,2,3
BRDA:95,16,3,15
BRDA:97,17,0,3
BRDA:97,17,1,3
BRDA:115,18,0,3
BRDA:115,18,1,3
BRDA:122,19,0,0
BRDA:122,19,1,3
BRDA:133,20,0,2
BRDA:133,20,1,1
BRDA:143,21,0,0
BRDA:143,21,1,15
BRDA:145,22,0,0
BRDA:145,22,1,15
BRDA:155,23,0,0
BRDA:155,23,1,15
BRDA:155,24,0,15
BRDA:155,24,1,0
BRDA:175,25,0,0
BRDA:175,25,1,0
BRDA:179,26,0,0
BRDA:179,26,1,0
BRDA:186,27,0,0
BRDA:186,27,1,0
BRDA:188,28,0,0
BRDA:188,28,1,0
BRDA:192,29,0,0
BRDA:192,29,1,0
BRDA:200,30,0,0
BRDA:200,30,1,0
BRDA:214,31,0,0
BRDA:214,31,1,0
BRDA:214,32,0,0
BRDA:214,32,1,0
BRDA:216,33,0,0
BRDA:216,33,1,0
BRDA:217,34,0,0
BRDA:217,34,1,0
BRDA:217,35,0,0
BRDA:217,35,1,0
BRDA:220,36,0,0
BRDA:220,36,1,0
BRDA:220,37,0,0
BRDA:220,37,1,0
BRDA:226,38,0,0
BRDA:226,38,1,0
BRDA:236,39,0,0
BRDA:236,39,1,0
BRDA:240,40,0,0
BRDA:240,40,1,0
BRDA:252,41,0,0
BRDA:252,41,1,0
BRDA:254,42,0,0
BRDA:254,42,1,0
BRDA:254,43,0,0
BRDA:254,43,1,0
BRDA:275,44,0,147
BRDA:275,44,1,0
BRDA:285,45,0,147
BRDA:285,45,1,0
BRDA:290,46,0,0
BRDA:291,47,0,0
BRDA:291,48,0,0
BRDA:295,49,0,0
BRDA:295,49,1,0
end_of_record
SF:/Users/ycao/dev/open-cluster-management/grc-ui/src-web/components/TemplateEditor/utils/update-editor.js
DA:17,2
DA:21,21
DA:22,21
DA:23,21
DA:24,21
DA:25,168
DA:26,168
DA:27,168
DA:28,168
DA:29,168
DA:30,50
DA:31,0
DA:32,0
DA:33,0
DA:34,0
DA:35,0
DA:36,0
DA:38,0
DA:40,0
DA:41,50
DA:42,0
DA:44,50
DA:50,21
DA:51,21
DA:52,0
DA:53,0
DA:54,0
DA:59,0
DA:62,0
DA:63,0
DA:64,0
DA:65,0
DA:66,0
DA:67,0
DA:68,0
DA:73,0
DA:74,0
DA:75,0
DA:76,0
DA:77,0
DA:78,0
DA:79,0
DA:80,0
DA:84,0
DA:85,0
DA:86,0
DA:87,0
DA:95,0
DA:96,0
DA:97,0
DA:98,0
DA:102,0
DA:103,0
DA:107,21
DA:108,21
DA:111,21
DA:112,0
DA:113,0
DA:114,0
DA:115,0
DA:116,0
DA:119,21
DA:120,0
DA:122,21
DA:125,2
DA:127,12
DA:128,12
DA:130,12
DA:131,36
DA:132,36
DA:133,108
DA:135,36
DA:139,12
DA:140,12
DA:141,12
DA:142,12
DA:143,12
DA:144,12
DA:145,12
DA:146,12
DA:147,12
DA:148,12
DA:149,12
DA:150,11
DA:151,23
DA:152,23
DA:153,23
DA:154,23
DA:155,21
DA:157,18
DA:159,16
DA:161,0
DA:162,0
DA:164,16
DA:167,2
DA:170,2
DA:171,2
DA:172,0
DA:174,2
DA:178,0
DA:179,0
DA:181,2
DA:184,3
DA:185,0
DA:186,0
DA:187,0
DA:188,0
DA:190,3
DA:195,21
DA:196,0
DA:197,0
DA:198,0
DA:201,0
DA:205,21
DA:206,21
DA:208,16
DA:209,16
DA:210,16
DA:211,16
DA:212,16
DA:213,16
DA:214,16
DA:215,16
DA:216,8
DA:219,16
DA:222,2
DA:223,2
DA:224,2
DA:225,2
DA:226,2
DA:228,2
DA:233,11
DA:234,0
DA:235,0
DA:236,0
DA:237,0
DA:238,0
DA:241,0
DA:244,11
DA:245,0
DA:246,0
DA:251,2
DA:252,0
DA:253,0
DA:254,0
DA:255,0
DA:256,0
DA:257,0
DA:260,0
BRDA:29,0,0,50
BRDA:29,0,1,118
BRDA:30,1,0,0
BRDA:30,1,1,50
BRDA:35,2,0,0
BRDA:35,2,1,0
BRDA:41,3,0,0
BRDA:41,3,1,50
BRDA:53,4,0,0
BRDA:53,4,1,0
BRDA:54,5,0,0
BRDA:54,5,1,0
BRDA:67,6,0,0
BRDA:67,6,1,0
BRDA:73,7,0,0
BRDA:73,7,1,0
BRDA:77,8,0,0
BRDA:77,8,1,0
BRDA:79,9,0,0
BRDA:79,9,1,0
BRDA:84,10,0,0
BRDA:84,10,1,0
BRDA:96,11,0,0
BRDA:96,11,1,0
BRDA:107,12,0,21
BRDA:107,12,1,0
BRDA:115,13,0,0
BRDA:115,13,1,0
BRDA:119,14,0,0
BRDA:119,14,1,21
BRDA:128,15,0,0
BRDA:128,15,1,12
BRDA:149,16,0,11
BRDA:149,16,1,1
BRDA:152,17,0,23
BRDA:152,17,1,0
BRDA:154,18,0,21
BRDA:154,18,1,2
BRDA:155,19,0,18
BRDA:155,19,1,3
BRDA:155,20,0,21
BRDA:155,20,1,3
BRDA:157,21,0,16
BRDA:157,21,1,2
BRDA:159,22,0,0
BRDA:159,22,1,16
BRDA:167,23,0,2
BRDA:167,23,1,0
BRDA:171,24,0,0
BRDA:171,24,1,2
BRDA:184,25,0,0
BRDA:184,25,1,3
BRDA:184,26,0,3
BRDA:184,26,1,0
BRDA:184,26,2,0
BRDA:195,27,0,0
BRDA:195,27,1,21
BRDA:197,28,0,0
BRDA:197,28,1,0
BRDA:206,29,0,16
BRDA:206,29,1,2
BRDA:208,30,0,16
BRDA:208,30,1,0
BRDA:208,31,0,16
BRDA:208,31,1,0
BRDA:215,32,0,8
BRDA:215,32,1,8
BRDA:225,33,0,2
BRDA:225,33,1,0
BRDA:234,34,0,0
BRDA:234,34,1,0
BRDA:244,35,0,0
BRDA:244,35,1,11
BRDA:244,36,0,11
BRDA:244,36,1,0
BRDA:244,36,2,0
BRDA:246,37,0,0
BRDA:246,37,1,0
BRDA:246,37,2,0
BRDA:252,38,0,0
BRDA:252,38,1,0
end_of_record
SF:/Users/ycao/dev/open-cluster-management/grc-ui/src-web/components/TemplateEditor/utils/validate-yaml.js
DA:15,5
DA:16,5
DA:17,32
DA:18,32
DA:19,20
DA:22,4
DA:23,4
DA:25,4
DA:26,4
DA:28,4
DA:29,4
DA:31,8
DA:38,3
DA:39,12
DA:40,8
DA:44,3
DA:45,4
DA:46,4
DA:47,4
DA:48,1
DA:49,3
DA:50,3
DA:59,3
DA:60,4
DA:61,4
DA:62,4
DA:63,0
DA:65,4
DA:66,4
DA:67,2
DA:76,3
DA:77,8
DA:78,8
DA:79,0
DA:80,8
DA:81,0
DA:83,8
DA:87,3
DA:88,0
DA:89,0
DA:90,0
DA:91,0
DA:92,0
DA:96,3
DA:97,0
DA:98,0
DA:100,0
DA:101,0
DA:105,3
DA:106,9
DA:107,9
DA:108,17
DA:109,17
DA:112,9
DA:113,9
DA:119,9
DA:124,3
DA:125,11
DA:128,3
DA:129,14
DA:130,14
DA:131,14
DA:133,14
DA:134,22
DA:135,22
DA:137,14
BRDA:15,0,0,5
BRDA:15,0,1,0
BRDA:18,1,0,20
BRDA:18,1,1,12
BRDA:18,2,0,32
BRDA:18,2,1,32
BRDA:19,3,0,4
BRDA:19,3,1,4
BRDA:19,3,2,4
BRDA:19,3,3,4
BRDA:19,3,4,8
BRDA:39,4,0,8
BRDA:39,4,1,4
BRDA:47,5,0,1
BRDA:47,5,1,3
BRDA:49,6,0,3
BRDA:49,6,1,0
BRDA:62,7,0,0
BRDA:62,7,1,4
BRDA:66,8,0,2
BRDA:66,8,1,2
BRDA:78,9,0,0
BRDA:78,9,1,8
BRDA:80,10,0,0
BRDA:80,10,1,8
BRDA:90,11,0,0
BRDA:90,11,1,0
BRDA:90,12,0,0
BRDA:90,12,1,0
BRDA:100,13,0,0
BRDA:100,13,1,0
BRDA:109,14,0,9
BRDA:109,14,1,8
BRDA:109,15,0,17
BRDA:109,15,1,12
BRDA:131,16,0,10
BRDA:131,16,1,4
BRDA:136,17,0,22
BRDA:136,17,1,18
BRDA:136,17,2,14
BRDA:137,18,0,10
BRDA:137,18,1,4
end_of_record
SF:/Users/ycao/dev/open-cluster-management/grc-ui/src-web/components/common/CreateDocLink.js
DA:17,7
DA:20,9
BRDA:17,0,0,6
BRDA:22,1,0,9
BRDA:22,1,1,6
end_of_record
SF:/Users/ycao/dev/open-cluster-management/grc-ui/src-web/components/common/DetailsModule.js
DA:21,2
DA:22,2
DA:25,2
DA:26,4
DA:31,2
DA:35,2
DA:36,2
DA:37,2
DA:38,2
DA:39,10
DA:40,10
DA:41,26
DA:42,20
DA:43,20
DA:44,20
DA:45,20
DA:46,20
DA:48,20
DA:49,2
DA:51,20
DA:54,10
DA:56,2
DA:60,2
DA:61,2
DA:62,2
DA:63,6
DA:64,6
DA:65,6
DA:66,18
DA:67,12
DA:68,12
DA:81,12
DA:87,12
DA:90,12
DA:94,6
DA:97,6
DA:99,2
DA:100,2
DA:101,6
DA:102,6
DA:103,4
DA:106,2
DA:110,2
DA:111,2
DA:112,2
DA:114,2
BRDA:41,0,0,20
BRDA:41,0,1,6
BRDA:41,1,0,26
BRDA:41,1,1,22
BRDA:43,2,0,18
BRDA:43,2,1,2
BRDA:44,3,0,18
BRDA:44,3,1,2
BRDA:46,4,0,2
BRDA:46,4,1,18
BRDA:48,5,0,2
BRDA:48,5,1,18
BRDA:66,6,0,12
BRDA:66,6,1,6
BRDA:72,7,0,12
BRDA:72,7,1,2
BRDA:102,8,0,4
BRDA:102,8,1,2
BRDA:115,9,0,0
BRDA:115,9,1,2
end_of_record
SF:/Users/ycao/dev/open-cluster-management/grc-ui/src-web/components/common/FilterTag.js
DA:16,2
DA:17,2
DA:19,1
DA:20,1
DA:24,2
DA:25,2
DA:33,6
BRDA:17,0,0,1
BRDA:17,0,1,1
end_of_record
SF:/Users/ycao/dev/open-cluster-management/grc-ui/src-web/components/common/FormatTableData.js
DA:13,29
DA:14,7
DA:15,7
DA:16,7
DA:17,7
DA:18,7
DA:19,23
DA:20,5
DA:23,23
DA:24,5
DA:27,23
DA:28,23
DA:29,23
DA:31,2
DA:32,2
DA:34,21
DA:35,21
DA:37,23
DA:38,18
DA:40,5
DA:43,7
DA:52,29
DA:53,5
DA:54,5
DA:55,5
DA:56,4
DA:57,14
DA:58,14
DA:59,23
DA:60,7
DA:62,23
DA:65,4
DA:66,7
DA:69,5
DA:72,29
DA:73,4
DA:75,4
DA:76,4
DA:78,26
DA:79,26
DA:80,26
DA:81,23
DA:82,23
DA:84,3
DA:87,4
DA:96,29
DA:97,3
DA:98,3
DA:99,3
DA:100,2
DA:101,26
DA:102,26
DA:103,4
DA:105,26
DA:107,2
DA:108,4
DA:111,3
DA:114,29
DA:115,12
DA:116,12
DA:117,11
DA:118,40
DA:119,38
DA:120,32
DA:121,38
DA:125,12
DA:128,29
DA:129,0
DA:130,0
DA:131,0
DA:132,0
DA:133,0
DA:134,0
DA:135,0
DA:136,0
DA:143,0
DA:144,0
DA:145,0
DA:146,0
DA:147,0
DA:148,0
DA:156,0
DA:157,0
DA:158,0
DA:159,0
DA:163,0
BRDA:19,0,0,5
BRDA:19,0,1,18
BRDA:19,1,0,23
BRDA:19,1,1,5
BRDA:19,1,2,5
BRDA:23,2,0,5
BRDA:23,2,1,18
BRDA:23,3,0,23
BRDA:23,3,1,5
BRDA:23,3,2,5
BRDA:29,4,0,2
BRDA:29,4,1,21
BRDA:34,5,0,21
BRDA:34,5,1,21
BRDA:37,6,0,18
BRDA:37,6,1,5
BRDA:55,7,0,4
BRDA:55,7,1,1
BRDA:59,8,0,7
BRDA:59,8,1,16
BRDA:79,9,0,23
BRDA:79,9,1,3
BRDA:80,10,0,23
BRDA:80,10,1,3
BRDA:82,11,0,19
BRDA:82,11,1,4
BRDA:99,12,0,2
BRDA:99,12,1,1
BRDA:102,13,0,4
BRDA:102,13,1,22
BRDA:116,14,0,11
BRDA:116,14,1,1
BRDA:118,15,0,38
BRDA:118,15,1,2
BRDA:119,16,0,32
BRDA:119,16,1,6
BRDA:120,17,0,32
BRDA:120,17,1,6
BRDA:130,18,0,0
BRDA:130,18,1,0
BRDA:130,19,0,0
BRDA:130,19,1,0
BRDA:135,20,0,0
BRDA:135,20,1,0
BRDA:144,21,0,0
BRDA:144,21,1,0
BRDA:146,22,0,0
BRDA:146,22,1,0
BRDA:158,23,0,0
BRDA:158,23,1,0
end_of_record
SF:/Users/ycao/dev/open-cluster-management/grc-ui/src-web/components/common/Modal.js
DA:24,1
DA:25,0
DA:27,0
DA:29,0
DA:31,0
DA:33,0
DA:35,0
DA:37,0
DA:39,0
DA:41,0
DA:45,1
DA:46,0
DA:47,0
DA:49,0
DA:52,1
DA:53,0
DA:54,0
DA:56,0
DA:59,1
DA:60,0
DA:61,0
DA:63,0
DA:66,1
DA:67,0
DA:68,0
DA:70,0
DA:73,1
DA:74,0
DA:75,0
DA:77,0
DA:80,1
DA:81,0
DA:82,0
DA:84,0
DA:87,1
DA:88,0
DA:89,0
DA:91,0
DA:94,1
DA:96,1
BRDA:25,0,0,0
BRDA:25,0,1,0
BRDA:25,0,2,0
BRDA:25,0,3,0
BRDA:25,0,4,0
BRDA:25,0,5,0
BRDA:25,0,6,0
BRDA:25,0,7,0
BRDA:27,1,0,0
BRDA:27,1,1,0
BRDA:29,2,0,0
BRDA:29,2,1,0
BRDA:31,3,0,0
BRDA:31,3,1,0
BRDA:33,4,0,0
BRDA:33,4,1,0
BRDA:35,5,0,0
BRDA:35,5,1,0
BRDA:37,6,0,0
BRDA:37,6,1,0
BRDA:39,7,0,0
BRDA:39,7,1,0
BRDA:46,8,0,0
BRDA:46,8,1,0
BRDA:53,9,0,0
BRDA:53,9,1,0
BRDA:60,10,0,0
BRDA:60,10,1,0
BRDA:67,11,0,0
BRDA:67,11,1,0
BRDA:74,12,0,0
BRDA:74,12,1,0
BRDA:81,13,0,0
BRDA:81,13,1,0
BRDA:88,14,0,0
BRDA:88,14,1,0
end_of_record
SF:/Users/ycao/dev/open-cluster-management/grc-ui/src-web/components/common/NestedTable.js
DA:26,7
DA:28,7
DA:29,7
DA:34,1
DA:35,1
DA:40,2
DA:41,1
DA:42,1
DA:43,1
DA:44,1
DA:48,4
DA:50,4
DA:52,4
DA:53,0
DA:54,0
DA:55,0
DA:56,0
DA:57,0
DA:59,0
DA:61,0
DA:65,2
DA:68,4
DA:88,2
DA:90,2
DA:91,2
DA:92,2
DA:99,2
DA:100,2
DA:101,2
DA:117,2
DA:136,7
BRDA:43,0,0,0
BRDA:43,0,1,1
BRDA:48,1,0,2
BRDA:48,1,1,2
BRDA:55,2,0,0
BRDA:55,2,1,0
BRDA:61,3,0,0
BRDA:61,3,1,0
end_of_record
SF:/Users/ycao/dev/open-cluster-management/grc-ui/src-web/components/common/NoResource.js
DA:18,14
DA:19,14
DA:22,14
DA:33,17
DA:54,14
DA:66,14
BRDA:33,0,0,8
BRDA:33,0,1,9
BRDA:36,1,0,0
BRDA:36,1,1,8
BRDA:38,2,0,1
BRDA:38,2,1,7
BRDA:39,3,0,3
BRDA:39,3,1,5
BRDA:40,4,0,3
BRDA:40,4,1,5
BRDA:41,5,0,1
BRDA:41,5,1,7
BRDA:42,6,0,8
BRDA:42,6,1,8
BRDA:46,7,0,8
BRDA:46,7,1,1
BRDA:48,8,0,8
BRDA:48,8,1,1
BRDA:49,9,0,8
BRDA:49,9,1,1
BRDA:50,10,0,1
BRDA:50,10,1,8
end_of_record
SF:/Users/ycao/dev/open-cluster-management/grc-ui/src-web/components/common/Page.js
DA:17,6
DA:18,5
DA:22,6
end_of_record
SF:/Users/ycao/dev/open-cluster-management/grc-ui/src-web/components/common/PolicyClusterDetail.js
DA:27,2
DA:28,2
DA:56,1
DA:60,0
DA:61,0
DA:63,0
DA:68,1
DA:69,1
DA:70,1
DA:71,1
DA:72,0
DA:77,1
DA:78,1
DA:80,0
DA:81,0
DA:88,0
DA:89,0
DA:91,0
DA:94,0
DA:115,2
DA:116,1
DA:117,1
DA:120,2
DA:121,1
DA:122,0
BRDA:61,0,0,0
BRDA:61,0,1,0
BRDA:61,1,0,0
BRDA:61,1,1,0
BRDA:71,2,0,0
BRDA:71,2,1,1
BRDA:77,3,0,1
BRDA:77,3,1,0
BRDA:77,4,0,1
BRDA:77,4,1,1
BRDA:77,4,2,0
BRDA:88,5,0,0
BRDA:88,5,1,0
BRDA:102,6,0,0
BRDA:102,6,1,0
end_of_record
SF:/Users/ycao/dev/open-cluster-management/grc-ui/src-web/components/common/PolicyDetailsOverview.js
DA:28,2
DA:29,2
DA:34,4
DA:58,1
DA:59,1
DA:60,4
DA:61,1
DA:64,1
DA:68,2
DA:69,2
DA:70,2
DA:71,3
DA:72,3
DA:73,3
DA:75,2
DA:79,1
DA:80,1
DA:82,1
DA:87,5
DA:88,5
DA:89,5
DA:91,5
DA:92,1
DA:97,4
DA:98,2
DA:100,2
DA:103,2
DA:105,2
DA:127,2
DA:128,2
DA:131,2
DA:132,2
DA:133,2
DA:134,2
DA:135,2
DA:136,1
DA:137,1
DA:139,0
DA:140,0
DA:142,0
DA:143,0
DA:145,1
DA:146,1
DA:148,0
DA:152,2
DA:153,2
DA:154,2
DA:155,2
DA:156,2
DA:157,0
DA:158,0
DA:159,0
DA:160,0
DA:161,0
DA:171,0
DA:173,0
DA:190,2
DA:191,0
DA:210,2
DA:211,1
DA:232,2
DA:233,2
DA:234,1
DA:236,2
DA:237,1
DA:239,2
DA:273,2
DA:274,2
DA:275,2
DA:278,2
DA:279,1
DA:280,1
BRDA:57,0,0,0
BRDA:57,1,0,1
BRDA:59,2,0,1
BRDA:59,2,1,0
BRDA:60,3,0,1
BRDA:60,3,1,3
BRDA:80,4,0,1
BRDA:80,4,1,0
BRDA:80,5,0,1
BRDA:80,5,1,0
BRDA:91,6,0,1
BRDA:91,6,1,4
BRDA:97,7,0,2
BRDA:97,7,1,2
BRDA:97,8,0,4
BRDA:97,8,1,3
BRDA:97,8,2,2
BRDA:128,9,0,1
BRDA:128,9,1,1
BRDA:128,10,0,2
BRDA:128,10,1,1
BRDA:131,11,0,2
BRDA:131,11,1,0
BRDA:137,12,0,0
BRDA:137,12,1,0
BRDA:137,12,2,1
BRDA:137,12,3,0
BRDA:156,13,0,0
BRDA:156,13,1,2
BRDA:190,14,0,0
BRDA:190,14,1,2
BRDA:210,15,0,1
BRDA:210,15,1,1
BRDA:233,16,0,1
BRDA:233,16,1,1
BRDA:233,17,0,2
BRDA:233,17,1,1
BRDA:236,18,0,1
BRDA:236,18,1,1
BRDA:236,19,0,2
BRDA:236,19,1,1
BRDA:255,20,0,2
BRDA:255,20,1,2
end_of_record
SF:/Users/ycao/dev/open-cluster-management/grc-ui/src-web/components/common/PolicyTemplates.js
DA:29,2
DA:30,2
DA:31,2
DA:32,2
DA:39,2
DA:40,2
DA:41,2
DA:42,2
DA:47,0
DA:48,0
DA:53,0
DA:54,0
DA:62,0
DA:63,0
DA:68,0
DA:69,0
DA:71,0
DA:72,0
DA:74,0
DA:75,0
DA:77,0
DA:78,0
DA:79,0
DA:80,0
DA:81,0
DA:82,0
DA:83,0
DA:84,0
DA:85,0
DA:86,0
DA:90,0
DA:92,0
DA:94,0
DA:97,2
DA:98,2
DA:155,5
DA:159,5
DA:171,5
DA:172,2
DA:173,2
DA:179,5
DA:180,2
DA:182,0
BRDA:41,0,0,2
BRDA:41,0,1,0
BRDA:41,1,0,2
BRDA:41,1,1,2
BRDA:47,2,0,0
BRDA:47,2,1,0
BRDA:47,3,0,0
BRDA:47,3,1,0
BRDA:47,3,2,0
BRDA:53,4,0,0
BRDA:53,4,1,0
BRDA:53,5,0,0
BRDA:53,5,1,0
BRDA:77,6,0,0
BRDA:77,6,1,0
BRDA:82,7,0,0
BRDA:82,7,1,0
BRDA:100,8,0,2
BRDA:100,8,1,0
BRDA:103,9,0,0
BRDA:103,9,1,2
BRDA:105,10,0,2
BRDA:105,10,1,2
BRDA:109,11,0,2
BRDA:109,11,1,0
BRDA:125,12,0,2
BRDA:125,12,1,0
BRDA:134,13,0,2
BRDA:134,13,1,0
BRDA:149,14,0,2
BRDA:149,14,1,0
end_of_record
SF:/Users/ycao/dev/open-cluster-management/grc-ui/src-web/components/common/RefreshTimeSelect.js
DA:22,9
DA:23,9
DA:34,3
DA:35,3
DA:36,3
DA:39,3
DA:40,3
DA:44,3
DA:45,3
DA:46,3
DA:48,14
DA:49,6
DA:50,8
DA:51,6
DA:53,2
DA:55,14
DA:56,14
DA:61,0
DA:62,0
DA:66,0
DA:67,0
DA:68,0
DA:74,0
DA:75,0
DA:76,0
DA:77,0
DA:79,0
DA:81,0
DA:82,0
DA:86,0
DA:87,0
DA:88,0
DA:93,3
DA:94,3
DA:95,3
DA:96,3
DA:97,3
DA:98,3
DA:99,3
DA:100,4
DA:103,3
DA:124,0
DA:128,3
DA:129,3
DA:133,0
DA:138,3
DA:139,0
DA:140,0
DA:141,0
DA:147,9
DA:148,10
DA:149,10
DA:150,9
DA:151,9
DA:152,1
DA:153,1
DA:154,1
DA:155,1
DA:161,8
DA:164,10
DA:167,9
DA:168,8
DA:171,9
DA:172,0
DA:173,0
DA:174,0
DA:175,0
DA:176,0
DA:178,0
DA:179,0
DA:180,0
DA:182,0
DA:183,0
DA:184,0
DA:185,0
DA:186,0
DA:188,0
DA:192,0
BRDA:45,0,0,0
BRDA:48,1,0,6
BRDA:48,1,1,8
BRDA:50,2,0,6
BRDA:50,2,1,2
BRDA:66,3,0,0
BRDA:66,3,1,0
BRDA:76,4,0,0
BRDA:76,4,1,0
BRDA:95,5,0,3
BRDA:95,5,1,0
BRDA:105,6,0,0
BRDA:105,6,1,3
BRDA:138,7,0,0
BRDA:138,7,1,3
BRDA:140,8,0,0
BRDA:140,8,1,0
BRDA:148,9,0,0
BRDA:148,9,1,10
BRDA:148,10,0,10
BRDA:148,10,1,0
BRDA:149,11,0,9
BRDA:149,11,1,1
BRDA:151,12,0,1
BRDA:151,12,1,8
BRDA:154,13,0,1
BRDA:154,13,1,0
BRDA:175,14,0,0
BRDA:175,14,1,0
BRDA:179,15,0,0
BRDA:179,15,1,0
BRDA:183,16,0,0
BRDA:183,16,1,0
BRDA:185,17,0,0
BRDA:185,17,1,0
end_of_record
SF:/Users/ycao/dev/open-cluster-management/grc-ui/src-web/components/common/ResourceDetails.js
DA:30,1
DA:31,1
DA:32,1
DA:33,1
DA:34,1
DA:38,1
DA:39,3
DA:40,3
DA:41,3
DA:47,1
DA:56,1
DA:57,1
DA:63,1
DA:64,1
DA:65,1
DA:66,1
DA:68,1
DA:72,0
DA:76,0
DA:77,0
DA:78,0
DA:83,3
DA:84,3
DA:85,1
DA:90,2
DA:91,2
DA:93,0
DA:98,1
DA:100,1
DA:112,1
DA:113,1
DA:115,1
DA:116,1
DA:117,1
DA:118,1
DA:119,3
DA:130,1
DA:131,3
DA:132,1
DA:136,0
DA:142,0
DA:143,0
DA:148,1
DA:149,1
DA:153,3
DA:161,1
DA:162,1
DA:163,1
DA:176,0
DA:177,0
DA:178,0
DA:179,0
DA:191,1
DA:192,1
DA:193,1
DA:194,1
DA:195,1
DA:196,1
DA:197,3
DA:200,1
DA:201,1
DA:202,0
DA:203,0
DA:207,1
DA:211,1
DA:215,1
DA:219,1
DA:223,1
DA:236,1
DA:237,1
DA:238,1
DA:242,3
BRDA:43,0,0,3
BRDA:43,0,1,1
BRDA:43,0,2,0
BRDA:64,1,0,1
BRDA:64,1,1,0
BRDA:76,2,0,0
BRDA:76,2,1,0
BRDA:84,3,0,1
BRDA:84,3,1,2
BRDA:88,4,0,0
BRDA:88,4,1,1
BRDA:88,5,0,1
BRDA:88,5,1,1
BRDA:90,6,0,2
BRDA:90,6,1,0
BRDA:90,7,0,2
BRDA:90,7,1,2
BRDA:130,8,0,1
BRDA:130,8,1,1
BRDA:131,9,0,1
BRDA:131,9,1,2
BRDA:136,10,0,0
BRDA:136,10,1,0
BRDA:142,11,0,0
BRDA:142,11,1,0
BRDA:143,12,0,0
BRDA:143,12,1,0
BRDA:152,13,0,1
BRDA:152,13,1,1
BRDA:192,14,0,1
BRDA:192,14,1,1
BRDA:202,15,0,0
BRDA:202,15,1,0
BRDA:209,16,0,0
BRDA:209,16,1,1
BRDA:213,17,0,0
BRDA:213,17,1,1
end_of_record
SF:/Users/ycao/dev/open-cluster-management/grc-ui/src-web/components/common/ResourceFilterBar.js
DA:25,7
DA:26,7
DA:31,8
DA:32,8
DA:38,8
DA:39,8
DA:40,8
DA:41,8
DA:43,8
DA:44,4
DA:45,4
DA:46,0
DA:47,0
DA:48,0
DA:49,0
DA:50,0
DA:51,0
DA:53,0
DA:63,8
DA:64,0
DA:65,0
DA:67,0
DA:68,0
DA:72,0
DA:91,8
DA:92,0
DA:93,0
DA:95,8
DA:99,0
DA:100,0
DA:105,0
DA:106,0
DA:107,0
DA:108,0
DA:109,0
DA:111,0
DA:112,0
DA:113,0
DA:117,0
DA:121,0
DA:127,0
DA:128,0
DA:129,0
DA:130,0
DA:131,0
DA:132,0
DA:133,0
DA:135,0
DA:137,0
DA:138,0
DA:142,0
DA:143,0
DA:144,0
DA:145,0
DA:146,0
DA:147,0
DA:149,0
DA:150,0
DA:151,0
DA:153,0
DA:157,7
DA:164,7
DA:165,8
DA:166,8
DA:169,7
DA:170,8
DA:171,0
BRDA:39,0,0,4
BRDA:45,1,0,0
BRDA:45,1,1,4
BRDA:48,2,0,0
BRDA:48,2,1,0
BRDA:50,3,0,0
BRDA:50,3,1,0
BRDA:63,4,0,0
BRDA:63,4,1,8
BRDA:64,5,0,0
BRDA:64,5,1,0
BRDA:91,6,0,0
BRDA:91,6,1,8
BRDA:91,7,0,8
BRDA:91,7,1,0
BRDA:106,8,0,0
BRDA:106,8,1,0
BRDA:108,9,0,0
BRDA:108,9,1,0
BRDA:128,10,0,0
BRDA:128,10,1,0
BRDA:129,11,0,0
BRDA:129,11,1,0
BRDA:132,12,0,0
BRDA:132,12,1,0
BRDA:145,13,0,0
BRDA:145,13,1,0
BRDA:149,14,0,0
BRDA:149,14,1,0
end_of_record
SF:/Users/ycao/dev/open-cluster-management/grc-ui/src-web/components/common/ResourceFilterView.js
DA:21,2
DA:22,2
DA:26,2
DA:28,2
DA:29,0
DA:39,2
DA:47,2
DA:48,10
DA:49,26
DA:50,0
DA:51,26
DA:52,0
DA:54,26
DA:55,0
DA:56,26
DA:57,0
DA:59,26
DA:63,10
DA:64,10
DA:65,10
DA:66,0
DA:67,0
DA:71,10
DA:77,24
DA:99,2
DA:108,3
DA:109,3
DA:112,3
DA:113,0
DA:115,3
DA:116,3
DA:117,3
DA:121,3
DA:122,3
DA:126,0
DA:127,0
DA:133,0
DA:134,0
DA:135,0
DA:136,0
DA:142,0
DA:145,3
DA:148,3
DA:149,0
DA:150,0
DA:151,3
DA:152,0
DA:153,0
DA:159,0
DA:160,0
DA:161,0
DA:162,0
DA:167,3
DA:168,3
DA:171,3
DA:173,3
DA:174,10
DA:178,3
DA:179,3
DA:180,3
DA:181,3
DA:182,3
DA:183,3
DA:208,10
DA:215,3
DA:216,3
DA:222,3
DA:228,3
DA:232,10
DA:233,10
DA:234,10
DA:235,10
DA:236,24
DA:245,10
DA:246,0
DA:255,10
DA:265,0
DA:266,0
DA:271,0
DA:272,0
DA:276,0
DA:277,0
DA:278,0
DA:279,0
DA:284,0
DA:288,2
BRDA:32,0,0,0
BRDA:32,0,1,0
BRDA:49,1,0,0
BRDA:49,1,1,26
BRDA:49,2,0,26
BRDA:49,2,1,0
BRDA:51,3,0,0
BRDA:51,3,1,26
BRDA:51,4,0,26
BRDA:51,4,1,26
BRDA:54,5,0,0
BRDA:54,5,1,26
BRDA:54,6,0,26
BRDA:54,6,1,0
BRDA:56,7,0,0
BRDA:56,7,1,26
BRDA:56,8,0,26
BRDA:56,8,1,26
BRDA:65,9,0,0
BRDA:65,9,1,10
BRDA:66,10,0,0
BRDA:66,10,1,0
BRDA:87,11,0,10
BRDA:87,11,1,0
BRDA:133,12,0,0
BRDA:133,12,1,0
BRDA:133,13,0,0
BRDA:133,13,1,0
BRDA:134,14,0,0
BRDA:134,14,1,0
BRDA:134,14,2,0
BRDA:135,15,0,0
BRDA:135,15,1,0
BRDA:135,16,0,0
BRDA:135,16,1,0
BRDA:148,17,0,0
BRDA:148,17,1,3
BRDA:151,18,0,0
BRDA:151,18,1,3
BRDA:159,19,0,0
BRDA:159,19,1,0
BRDA:168,20,0,0
BRDA:178,21,0,3
BRDA:178,21,1,0
BRDA:180,22,0,0
BRDA:180,22,1,3
BRDA:231,23,0,8
BRDA:240,24,0,24
BRDA:240,24,1,0
BRDA:241,25,0,24
BRDA:241,25,1,0
BRDA:242,26,0,24
BRDA:242,26,1,0
BRDA:242,27,0,0
BRDA:242,27,1,0
BRDA:245,28,0,0
BRDA:245,28,1,10
end_of_record
SF:/Users/ycao/dev/open-cluster-management/grc-ui/src-web/components/common/ResourceList.js
DA:32,4
DA:33,4
DA:34,4
DA:38,4
DA:39,4
DA:51,4
DA:52,4
DA:53,4
DA:57,0
DA:59,0
DA:63,0
DA:64,0
DA:100,4
DA:101,4
DA:102,4
DA:103,0
DA:104,0
DA:113,0
DA:114,0
DA:121,4
DA:122,2
DA:125,2
DA:127,2
DA:129,2
DA:130,2
DA:131,0
DA:133,2
DA:177,0
DA:178,0
DA:186,0
DA:188,0
DA:195,0
DA:203,0
DA:211,0
DA:218,0
DA:219,0
DA:229,0
DA:233,0
DA:237,0
DA:241,4
DA:242,4
DA:243,4
DA:245,4
DA:246,4
DA:247,4
DA:248,2
DA:249,12
DA:250,0
DA:254,4
DA:256,4
DA:276,4
DA:321,4
DA:322,4
DA:323,4
DA:325,4
DA:326,4
DA:328,4
DA:330,0
DA:332,0
DA:333,0
DA:335,0
DA:337,0
DA:338,4
DA:340,0
DA:341,0
BRDA:63,0,0,0
BRDA:63,0,1,0
BRDA:63,1,0,0
BRDA:63,1,1,0
BRDA:102,2,0,0
BRDA:102,2,1,4
BRDA:103,3,0,0
BRDA:103,3,1,0
BRDA:103,4,0,0
BRDA:103,4,1,0
BRDA:103,4,2,0
BRDA:121,5,0,2
BRDA:121,5,1,2
BRDA:129,6,0,2
BRDA:129,6,1,0
BRDA:129,7,0,2
BRDA:129,7,1,0
BRDA:129,7,2,0
BRDA:130,8,0,0
BRDA:130,8,1,2
BRDA:130,9,0,2
BRDA:130,9,1,2
BRDA:134,10,0,2
BRDA:134,10,1,0
BRDA:137,11,0,0
BRDA:137,11,1,0
BRDA:140,12,0,2
BRDA:140,12,1,0
BRDA:140,12,2,0
BRDA:177,13,0,0
BRDA:177,13,1,0
BRDA:186,14,0,0
BRDA:186,14,1,0
BRDA:186,14,2,0
BRDA:186,14,3,0
BRDA:186,14,4,0
BRDA:247,15,0,2
BRDA:247,15,1,2
BRDA:247,16,0,4
BRDA:247,16,1,2
BRDA:249,17,0,0
BRDA:249,17,1,12
BRDA:254,18,0,4
BRDA:254,18,1,4
BRDA:272,19,0,4
BRDA:272,19,1,0
BRDA:325,20,0,4
BRDA:325,20,1,0
BRDA:332,21,0,0
BRDA:332,21,1,0
BRDA:333,22,0,0
BRDA:333,22,1,0
BRDA:340,23,0,0
BRDA:340,23,1,0
end_of_record
SF:/Users/ycao/dev/open-cluster-management/grc-ui/src-web/components/common/ResourceOverview.js
DA:22,2
DA:23,2
DA:26,2
DA:33,1
DA:34,1
DA:35,1
DA:37,0
DA:38,0
DA:39,0
DA:40,0
DA:41,0
DA:43,0
DA:47,0
DA:65,2
DA:69,2
DA:83,2
DA:84,1
DA:85,1
DA:86,1
DA:88,1
BRDA:34,0,0,1
BRDA:34,0,1,0
BRDA:40,1,0,0
BRDA:40,1,1,0
BRDA:54,2,0,0
BRDA:54,2,1,0
BRDA:87,3,0,0
BRDA:87,3,1,1
end_of_record
SF:/Users/ycao/dev/open-cluster-management/grc-ui/src-web/components/common/ResourceTable.js
DA:30,12
DA:31,12
DA:34,35
DA:48,12
DA:53,11
DA:78,11
DA:80,11
DA:81,11
DA:82,11
DA:83,11
DA:85,11
DA:97,8
DA:99,10
DA:100,10
DA:101,10
DA:106,11
DA:113,11
DA:135,0
DA:140,0
DA:143,0
DA:151,72
DA:152,63
DA:180,9
DA:188,11
DA:189,56
DA:190,35
DA:211,0
DA:212,0
DA:221,241
DA:222,0
DA:228,241
DA:263,21
DA:264,21
DA:274,166
DA:291,11
DA:292,11
DA:293,11
DA:294,63
DA:296,0
DA:300,63
DA:305,11
DA:306,11
DA:310,55
DA:311,55
DA:315,2
DA:320,11
DA:321,11
DA:322,11
DA:323,11
DA:325,56
DA:326,0
DA:328,11
DA:329,10
DA:330,56
DA:331,56
DA:332,1
DA:334,55
DA:338,56
DA:340,56
DA:343,56
DA:344,0
DA:345,0
DA:349,56
DA:350,2
DA:351,2
DA:352,1
DA:357,56
DA:358,56
DA:359,0
DA:360,0
DA:363,56
DA:364,55
DA:367,152
DA:376,0
DA:385,56
DA:386,352
DA:389,352
DA:390,0
DA:392,352
DA:393,0
DA:395,352
DA:396,42
DA:399,56
DA:402,1
DA:406,0
DA:407,0
DA:408,0
DA:409,0
DA:410,0
DA:411,0
DA:412,0
DA:413,0
DA:414,0
DA:418,0
DA:423,12
DA:427,12
DA:485,12
DA:486,4
DA:487,4
DA:489,4
DA:492,12
DA:493,4
DA:494,4
DA:495,0
BRDA:82,0,0,1
BRDA:82,0,1,10
BRDA:82,1,0,11
BRDA:82,1,1,11
BRDA:85,2,0,10
BRDA:85,2,1,1
BRDA:90,3,0,10
BRDA:90,3,1,1
BRDA:114,4,0,10
BRDA:114,4,1,1
BRDA:131,5,0,11
BRDA:131,5,1,7
BRDA:132,6,0,11
BRDA:132,6,1,0
BRDA:135,7,0,0
BRDA:135,7,1,0
BRDA:135,8,0,0
BRDA:135,8,1,0
BRDA:140,9,0,0
BRDA:140,9,1,0
BRDA:140,10,0,0
BRDA:140,10,1,0
BRDA:142,11,0,0
BRDA:142,11,1,0
BRDA:143,12,0,0
BRDA:143,12,1,0
BRDA:151,13,0,63
BRDA:151,13,1,9
BRDA:151,14,0,72
BRDA:151,14,1,72
BRDA:155,15,0,63
BRDA:155,15,1,0
BRDA:155,16,0,63
BRDA:155,16,1,0
BRDA:158,17,0,63
BRDA:158,17,1,0
BRDA:160,18,0,0
BRDA:160,18,1,63
BRDA:165,19,0,63
BRDA:165,19,1,1
BRDA:175,20,0,63
BRDA:175,20,1,0
BRDA:175,21,0,63
BRDA:175,21,1,0
BRDA:189,22,0,35
BRDA:189,22,1,21
BRDA:189,23,0,56
BRDA:189,23,1,35
BRDA:189,23,2,35
BRDA:196,24,0,35
BRDA:196,24,1,35
BRDA:196,24,2,35
BRDA:196,24,3,32
BRDA:196,24,4,32
BRDA:198,25,0,0
BRDA:198,25,1,35
BRDA:200,26,0,3
BRDA:200,26,1,32
BRDA:200,27,0,35
BRDA:200,27,1,35
BRDA:200,27,2,35
BRDA:200,27,3,32
BRDA:200,27,4,32
BRDA:203,28,0,0
BRDA:203,28,1,35
BRDA:205,29,0,35
BRDA:205,29,1,0
BRDA:208,30,0,0
BRDA:208,30,1,0
BRDA:210,31,0,0
BRDA:210,31,1,0
BRDA:210,31,2,0
BRDA:210,31,3,0
BRDA:210,31,4,0
BRDA:217,32,0,0
BRDA:217,32,1,0
BRDA:217,33,0,0
BRDA:217,33,1,0
BRDA:221,34,0,0
BRDA:221,34,1,241
BRDA:221,35,0,241
BRDA:221,35,1,32
BRDA:232,36,0,35
BRDA:232,36,1,0
BRDA:232,36,2,0
BRDA:242,37,0,35
BRDA:242,37,1,0
BRDA:242,37,2,0
BRDA:244,38,0,0
BRDA:244,38,1,0
BRDA:263,39,0,21
BRDA:263,39,1,0
BRDA:263,40,0,21
BRDA:263,40,1,21
BRDA:269,41,0,0
BRDA:269,41,1,21
BRDA:294,42,0,0
BRDA:294,42,1,63
BRDA:295,43,0,0
BRDA:295,43,1,0
BRDA:296,44,0,0
BRDA:296,44,1,0
BRDA:302,45,0,0
BRDA:302,45,1,63
BRDA:303,46,0,1
BRDA:303,46,1,62
BRDA:305,47,0,11
BRDA:305,47,1,9
BRDA:305,47,2,9
BRDA:323,48,0,11
BRDA:323,48,1,11
BRDA:325,49,0,56
BRDA:325,49,1,0
BRDA:325,49,2,0
BRDA:326,50,0,0
BRDA:326,50,1,0
BRDA:326,50,2,0
BRDA:328,51,0,10
BRDA:328,51,1,1
BRDA:328,52,0,11
BRDA:328,52,1,11
BRDA:331,53,0,1
BRDA:331,53,1,55
BRDA:334,54,0,55
BRDA:334,54,1,0
BRDA:336,55,0,0
BRDA:336,55,1,0
BRDA:338,56,0,56
BRDA:338,56,1,42
BRDA:338,56,2,42
BRDA:338,56,3,56
BRDA:340,57,0,55
BRDA:340,57,1,1
BRDA:343,58,0,0
BRDA:343,58,1,56
BRDA:343,59,0,56
BRDA:343,59,1,0
BRDA:343,59,2,0
BRDA:344,60,0,0
BRDA:344,60,1,0
BRDA:344,61,0,0
BRDA:344,61,1,0
BRDA:344,61,2,0
BRDA:344,61,3,0
BRDA:344,61,4,0
BRDA:349,62,0,2
BRDA:349,62,1,54
BRDA:349,63,0,56
BRDA:349,63,1,3
BRDA:349,63,2,2
BRDA:351,64,0,1
BRDA:351,64,1,1
BRDA:358,65,0,0
BRDA:358,65,1,56
BRDA:358,66,0,56
BRDA:358,66,1,55
BRDA:358,66,2,2
BRDA:363,67,0,55
BRDA:363,67,1,1
BRDA:363,68,0,56
BRDA:363,68,1,55
BRDA:363,68,2,55
BRDA:370,69,0,152
BRDA:370,69,1,100
BRDA:370,69,2,100
BRDA:370,69,3,100
BRDA:370,69,4,100
BRDA:386,70,0,0
BRDA:386,70,1,352
BRDA:389,71,0,0
BRDA:389,71,1,352
BRDA:389,72,0,352
BRDA:389,72,1,42
BRDA:392,73,0,0
BRDA:392,73,1,352
BRDA:392,74,0,352
BRDA:392,74,1,1
BRDA:395,75,0,42
BRDA:395,75,1,310
BRDA:407,76,0,0
BRDA:407,76,1,0
BRDA:408,77,0,0
BRDA:408,77,1,0
BRDA:408,77,2,0
BRDA:410,78,0,0
BRDA:410,78,1,0
BRDA:410,79,0,0
BRDA:410,79,1,0
BRDA:412,80,0,0
BRDA:412,80,1,0
BRDA:486,81,0,0
BRDA:486,81,1,4
BRDA:486,82,0,0
BRDA:486,82,1,0
BRDA:487,83,0,2
BRDA:487,83,1,2
BRDA:493,84,0,4
BRDA:493,84,1,4
end_of_record
SF:/Users/ycao/dev/open-cluster-management/grc-ui/src-web/components/common/ResourceTableModule.js
DA:36,1
DA:37,1
DA:38,1
DA:39,1
DA:40,1
DA:41,1
DA:50,1
DA:54,0
DA:55,0
DA:56,0
DA:61,1
DA:62,1
DA:63,1
DA:64,1
DA:85,0
DA:86,0
DA:87,0
DA:88,0
DA:90,0
DA:91,0
DA:92,0
DA:93,0
DA:94,0
DA:95,0
DA:97,0
DA:101,0
DA:102,0
DA:104,0
DA:105,0
DA:106,0
DA:107,0
DA:108,0
DA:109,0
DA:114,0
DA:115,0
DA:116,0
DA:117,0
DA:118,0
DA:119,0
DA:120,0
DA:121,0
DA:126,1
DA:130,1
DA:131,0
DA:132,0
DA:133,0
DA:134,0
DA:135,0
DA:136,0
DA:142,1
DA:143,0
DA:144,0
DA:145,0
BRDA:55,0,0,0
BRDA:55,0,1,0
BRDA:87,1,0,0
BRDA:87,1,1,0
BRDA:91,2,0,0
BRDA:91,2,1,0
BRDA:91,3,0,0
BRDA:91,3,1,0
BRDA:91,4,0,0
BRDA:91,4,1,0
BRDA:92,5,0,0
BRDA:92,5,1,0
BRDA:93,6,0,0
BRDA:93,6,1,0
BRDA:101,7,0,0
BRDA:101,7,1,0
BRDA:114,8,0,0
BRDA:114,8,1,0
BRDA:114,9,0,0
BRDA:114,9,1,0
BRDA:114,9,2,0
BRDA:121,10,0,0
BRDA:121,10,1,0
end_of_record
SF:/Users/ycao/dev/open-cluster-management/grc-ui/src-web/components/common/ResourceTableModuleFromProps.js
DA:36,2
DA:37,2
DA:38,2
DA:39,2
DA:40,2
DA:41,2
DA:50,2
DA:54,0
DA:55,0
DA:56,0
DA:61,2
DA:62,2
DA:63,2
DA:64,2
DA:66,2
DA:92,2
DA:93,1
DA:95,1
DA:99,2
DA:100,2
DA:101,2
DA:102,0
DA:104,2
DA:105,2
DA:106,2
DA:107,2
DA:108,0
DA:109,0
DA:111,2
DA:116,0
DA:117,0
DA:119,0
DA:120,0
DA:121,0
DA:122,0
DA:123,0
DA:124,0
DA:128,0
DA:129,0
DA:130,0
DA:131,0
DA:132,0
DA:133,0
DA:134,0
DA:135,0
DA:137,0
DA:138,0
DA:139,0
DA:140,0
DA:145,6
DA:149,6
DA:150,1
DA:151,1
DA:152,1
DA:153,1
DA:154,1
BRDA:55,0,0,0
BRDA:55,0,1,0
BRDA:67,1,0,1
BRDA:67,1,1,1
BRDA:67,2,0,2
BRDA:67,2,1,2
BRDA:67,2,2,1
BRDA:68,3,0,0
BRDA:68,3,1,1
BRDA:71,4,0,1
BRDA:71,4,1,0
BRDA:72,5,0,1
BRDA:72,5,1,0
BRDA:76,6,0,1
BRDA:76,6,1,1
BRDA:92,7,0,1
BRDA:92,7,1,1
BRDA:93,8,0,1
BRDA:93,8,1,0
BRDA:101,9,0,0
BRDA:101,9,1,2
BRDA:107,10,0,0
BRDA:107,10,1,2
BRDA:116,11,0,0
BRDA:116,11,1,0
BRDA:129,12,0,0
BRDA:129,12,1,0
BRDA:130,13,0,0
BRDA:130,13,1,0
BRDA:140,14,0,0
BRDA:140,14,1,0
end_of_record
SF:/Users/ycao/dev/open-cluster-management/grc-ui/src-web/components/common/ResourceTableRowExpandableContent.js
DA:19,12
DA:20,0
DA:33,0
DA:41,12
DA:45,12
end_of_record
SF:/Users/ycao/dev/open-cluster-management/grc-ui/src-web/components/common/ResourceTableRowExpandableList.js
DA:18,14
DA:19,0
DA:22,0
DA:30,14
DA:34,14
end_of_record
SF:/Users/ycao/dev/open-cluster-management/grc-ui/src-web/components/common/ResourceTableRowExpandableTable.js
DA:24,6
DA:26,6
DA:27,9
DA:31,27
DA:32,24
DA:38,3
DA:46,14
DA:47,3
DA:49,11
DA:55,11
DA:56,3
DA:57,6
DA:58,2
DA:60,6
DA:67,4
DA:70,8
DA:76,6
BRDA:30,0,0,9
BRDA:30,0,1,7
BRDA:31,1,0,24
BRDA:31,1,1,3
BRDA:45,2,0,9
BRDA:45,2,1,7
BRDA:46,3,0,3
BRDA:46,3,1,11
BRDA:46,4,0,14
BRDA:46,4,1,11
BRDA:48,5,0,0
BRDA:48,5,1,3
BRDA:49,6,0,5
BRDA:49,6,1,6
BRDA:49,7,0,11
BRDA:49,7,1,10
BRDA:55,8,0,3
BRDA:55,8,1,8
BRDA:55,9,0,11
BRDA:55,9,1,8
BRDA:57,10,0,2
BRDA:57,10,1,4
BRDA:57,11,0,6
BRDA:57,11,1,6
BRDA:59,12,0,0
BRDA:59,12,1,2
BRDA:60,13,0,3
BRDA:60,13,1,3
BRDA:60,14,0,6
BRDA:60,14,1,3
end_of_record
SF:/Users/ycao/dev/open-cluster-management/grc-ui/src-web/components/common/ResourceTableRowMenuItemActions.js
DA:15,13
DA:16,12
DA:18,0
DA:28,1
DA:29,1
DA:34,0
DA:41,0
DA:51,4
DA:61,0
DA:71,0
DA:81,1
DA:82,1
DA:85,1
DA:86,1
DA:89,1
DA:90,1
DA:100,1
BRDA:16,0,0,0
BRDA:16,0,1,1
BRDA:16,0,2,0
BRDA:16,0,3,0
BRDA:16,0,4,0
BRDA:16,0,5,0
BRDA:16,0,6,0
BRDA:16,0,7,1
BRDA:16,0,8,2
BRDA:16,0,9,3
BRDA:16,0,10,3
BRDA:16,0,11,4
BRDA:16,0,12,0
BRDA:16,0,13,0
BRDA:16,0,14,1
BRDA:16,0,15,1
BRDA:16,0,16,1
BRDA:16,0,17,1
BRDA:16,0,18,3
end_of_record
SF:/Users/ycao/dev/open-cluster-management/grc-ui/src-web/components/common/ResourceToolbar.js
DA:28,1
DA:29,1
DA:32,1
DA:33,1
DA:34,1
DA:35,1
DA:43,1
DA:52,2
DA:53,2
DA:56,2
DA:57,2
DA:58,2
DA:59,2
DA:63,2
DA:64,2
DA:65,2
DA:66,1
DA:68,1
DA:69,1
DA:70,1
DA:115,0
DA:116,0
DA:121,0
DA:122,0
DA:127,0
DA:131,0
DA:135,0
DA:136,0
DA:137,0
DA:138,0
DA:139,0
DA:141,0
DA:142,0
DA:144,0
DA:145,0
DA:147,0
DA:150,0
DA:151,0
DA:155,1
DA:165,1
DA:166,0
DA:167,0
DA:170,1
DA:171,0
DA:172,0
BRDA:37,0,0,0
BRDA:37,0,1,1
BRDA:64,1,0,0
BRDA:64,2,0,0
BRDA:64,3,0,0
BRDA:65,4,0,1
BRDA:65,4,1,1
BRDA:82,5,0,1
BRDA:82,5,1,0
BRDA:82,6,0,1
BRDA:82,6,1,1
BRDA:95,7,0,1
BRDA:95,7,1,1
BRDA:121,8,0,0
BRDA:121,8,1,0
BRDA:136,9,0,0
BRDA:136,9,1,0
BRDA:138,10,0,0
BRDA:138,10,1,0
BRDA:141,11,0,0
BRDA:141,11,1,0
BRDA:144,12,0,0
BRDA:144,12,1,0
end_of_record
SF:/Users/ycao/dev/open-cluster-management/grc-ui/src-web/components/common/ScrollToTop.js
DA:20,1
DA:21,0
DA:26,2
DA:29,1
BRDA:20,0,0,0
BRDA:20,0,1,1
BRDA:21,1,0,0
BRDA:21,1,1,0
end_of_record
SF:/Users/ycao/dev/open-cluster-management/grc-ui/src-web/components/common/SimpleTable.js
DA:26,5
DA:27,5
DA:37,5
DA:41,7
DA:42,7
DA:47,18
DA:48,0
DA:49,0
DA:50,0
DA:52,0
DA:58,7
DA:59,7
DA:60,7
DA:61,7
DA:62,0
DA:63,0
DA:66,7
DA:74,8
DA:75,5
DA:81,3
DA:89,7
DA:90,18
DA:91,18
DA:98,15
DA:132,0
DA:133,0
DA:137,0
DA:158,5
DA:162,5
BRDA:49,0,0,0
BRDA:49,0,1,0
BRDA:61,1,0,0
BRDA:61,1,1,7
BRDA:68,2,0,7
BRDA:68,2,1,0
BRDA:73,3,0,7
BRDA:73,3,1,2
BRDA:74,4,0,5
BRDA:74,4,1,3
BRDA:90,5,0,18
BRDA:90,5,1,0
BRDA:97,6,0,18
BRDA:97,6,1,5
BRDA:100,7,0,2
BRDA:100,7,1,13
BRDA:100,8,0,15
BRDA:100,8,1,6
BRDA:100,8,2,2
BRDA:106,9,0,0
BRDA:106,9,1,13
BRDA:106,10,0,13
BRDA:106,10,1,0
BRDA:117,11,0,18
BRDA:117,11,1,0
BRDA:117,11,2,0
BRDA:120,12,0,0
BRDA:120,12,1,0
BRDA:132,13,0,0
BRDA:132,13,1,0
BRDA:132,14,0,0
BRDA:132,14,1,0
BRDA:135,15,0,0
BRDA:135,15,1,0
BRDA:135,15,2,0
BRDA:139,16,0,0
BRDA:139,16,1,0
end_of_record
SF:/Users/ycao/dev/open-cluster-management/grc-ui/src-web/components/common/StatusField.js
DA:23,5
DA:25,1
DA:26,1
DA:27,1
DA:29,1
DA:30,1
DA:31,1
DA:35,2
DA:36,2
DA:37,2
DA:40,1
DA:41,1
DA:43,5
BRDA:23,0,0,1
BRDA:23,0,1,1
BRDA:23,0,2,1
BRDA:23,0,3,2
BRDA:23,0,4,2
BRDA:23,0,5,1
BRDA:23,0,6,1
BRDA:46,1,0,5
BRDA:46,1,1,4
end_of_record
SF:/Users/ycao/dev/open-cluster-management/grc-ui/src-web/components/common/StructuredListModule.js
DA:23,4
DA:24,4
DA:30,4
DA:35,1
DA:36,1
DA:41,1
DA:42,0
DA:43,0
DA:44,0
DA:46,0
DA:52,1
DA:53,1
DA:54,1
DA:65,2
DA:73,1
DA:78,2
DA:101,0
DA:103,0
DA:123,4
DA:127,4
BRDA:43,0,0,0
BRDA:43,0,1,0
BRDA:56,1,0,1
BRDA:56,1,1,1
BRDA:61,2,0,1
BRDA:61,2,1,0
BRDA:72,3,0,1
BRDA:72,3,1,0
BRDA:80,4,0,0
BRDA:80,4,1,2
BRDA:80,5,0,2
BRDA:80,5,1,0
BRDA:88,6,0,1
BRDA:88,6,1,0
BRDA:88,6,2,0
BRDA:105,7,0,0
BRDA:105,7,1,0
BRDA:105,8,0,0
BRDA:105,8,1,0
end_of_record
SF:/Users/ycao/dev/open-cluster-management/grc-ui/src-web/components/common/StructuredListModuleWithActions.js
DA:27,2
DA:28,2
DA:31,2
DA:42,4
DA:43,0
DA:46,4
DA:54,0
DA:61,0
DA:70,0
DA:82,20
DA:83,2
DA:84,2
DA:90,18
DA:92,36
DA:106,2
DA:111,2
DA:112,2
DA:113,2
DA:114,2
DA:115,2
DA:116,2
DA:117,2
DA:118,2
DA:119,1
DA:120,1
DA:122,1
DA:123,0
DA:126,1
DA:128,1
DA:133,2
DA:136,4
DA:140,4
DA:141,0
BRDA:42,0,0,0
BRDA:42,0,1,4
BRDA:50,1,0,4
BRDA:50,1,1,0
BRDA:50,2,0,4
BRDA:50,2,1,4
BRDA:50,2,2,4
BRDA:50,2,3,4
BRDA:50,2,4,4
BRDA:64,3,0,0
BRDA:64,3,1,0
BRDA:64,3,2,0
BRDA:64,3,3,0
BRDA:64,3,4,0
BRDA:82,4,0,2
BRDA:82,4,1,18
BRDA:93,5,0,18
BRDA:93,5,1,18
BRDA:120,6,0,1
BRDA:120,6,1,0
BRDA:122,7,0,0
BRDA:122,7,1,1
BRDA:137,8,0,4
BRDA:137,8,1,0
end_of_record
SF:/Users/ycao/dev/open-cluster-management/grc-ui/src-web/components/common/TagInput.js
DA:22,5
DA:23,5
DA:26,5
DA:30,1
DA:31,1
DA:32,1
DA:37,1
DA:38,1
DA:39,1
DA:40,1
DA:41,1
DA:42,1
DA:47,1
DA:48,0
DA:50,1
DA:51,1
DA:52,2
DA:53,2
DA:54,3
DA:58,1
DA:63,0
DA:64,0
DA:65,0
DA:66,0
DA:67,0
DA:68,0
DA:69,0
DA:73,0
DA:75,0
DA:79,0
DA:80,0
DA:81,0
DA:86,0
DA:87,0
DA:88,0
DA:89,0
DA:91,0
DA:92,0
DA:93,0
DA:94,0
DA:95,0
DA:96,0
DA:99,0
DA:100,0
DA:103,0
DA:105,0
DA:107,0
DA:108,0
DA:109,0
DA:116,0
DA:117,0
DA:118,0
DA:119,0
DA:120,0
DA:124,1
DA:125,1
DA:129,0
DA:133,0
DA:134,0
DA:139,0
DA:143,0
DA:148,0
DA:149,0
DA:153,0
DA:157,1
DA:158,1
DA:159,1
DA:160,1
DA:161,1
DA:219,5
BRDA:31,0,0,0
BRDA:47,1,0,0
BRDA:47,1,1,1
BRDA:52,2,0,2
BRDA:52,2,1,0
BRDA:63,3,0,0
BRDA:66,4,0,0
BRDA:66,4,1,0
BRDA:68,5,0,0
BRDA:68,5,1,0
BRDA:75,6,0,0
BRDA:75,6,1,0
BRDA:80,7,0,0
BRDA:80,7,1,0
BRDA:86,8,0,0
BRDA:89,9,0,0
BRDA:89,9,1,0
BRDA:89,10,0,0
BRDA:89,10,1,0
BRDA:89,10,2,0
BRDA:95,11,0,0
BRDA:95,11,1,0
BRDA:95,12,0,0
BRDA:95,12,1,0
BRDA:99,13,0,0
BRDA:99,13,1,0
BRDA:103,14,0,0
BRDA:103,14,1,0
BRDA:107,15,0,0
BRDA:107,15,1,0
BRDA:108,16,0,0
BRDA:108,16,1,0
BRDA:108,17,0,0
BRDA:108,17,1,0
BRDA:133,18,0,0
BRDA:133,18,1,0
BRDA:153,19,0,0
BRDA:153,19,1,0
BRDA:157,20,0,0
BRDA:160,21,0,1
BRDA:160,21,1,0
BRDA:202,22,0,1
BRDA:202,22,1,1
end_of_record
SF:/Users/ycao/dev/open-cluster-management/grc-ui/src-web/components/common/TruncateText.js
DA:18,34
DA:19,34
DA:34,20
DA:35,15
DA:38,5
BRDA:34,0,0,15
BRDA:34,0,1,5
end_of_record
SF:/Users/ycao/dev/open-cluster-management/grc-ui/src-web/components/common/YamlEditor.js
DA:25,4
DA:26,4
DA:27,4
DA:28,1
DA:31,4
DA:35,0
DA:36,0
DA:41,4
DA:45,0
DA:49,4
DA:53,8
DA:54,4
DA:78,8
BRDA:27,0,0,1
BRDA:27,0,1,3
BRDA:27,1,0,4
BRDA:27,1,1,4
BRDA:35,2,0,0
BRDA:35,2,1,0
BRDA:35,3,0,0
BRDA:35,3,1,0
BRDA:53,4,0,1
BRDA:53,5,0,1
BRDA:53,6,0,1
end_of_record
SF:/Users/ycao/dev/open-cluster-management/grc-ui/src-web/components/common/withAccess.js
DA:20,1
DA:27,0
DA:28,0
DA:29,0
DA:30,0
DA:37,1
DA:38,0
DA:39,0
DA:42,1
BRDA:30,0,0,0
BRDA:30,0,1,0
BRDA:38,1,0,0
BRDA:38,1,1,0
end_of_record
SF:/Users/ycao/dev/open-cluster-management/grc-ui/src-web/components/common/withUrlQuery.js
DA:18,4
DA:31,0
DA:32,0
DA:33,0
DA:34,0
DA:35,0
DA:36,0
DA:38,0
DA:42,0
DA:44,0
DA:49,0
DA:50,0
DA:51,0
DA:52,0
DA:53,0
DA:54,0
DA:55,0
DA:56,0
DA:57,0
DA:58,0
DA:59,0
DA:60,0
DA:61,0
DA:64,0
DA:65,0
DA:66,0
DA:70,0
DA:71,0
DA:72,0
DA:74,0
DA:76,0
DA:82,0
DA:83,0
DA:84,0
DA:85,0
DA:86,0
DA:88,0
DA:89,0
DA:90,0
DA:91,0
DA:92,0
DA:94,0
DA:95,0
DA:98,0
DA:101,0
DA:102,0
DA:103,0
DA:105,0
DA:106,0
DA:109,0
DA:111,0
DA:112,0
DA:113,0
DA:115,0
DA:116,0
DA:117,0
DA:118,0
DA:119,0
DA:122,0
DA:125,0
DA:126,0
DA:130,0
DA:134,4
DA:135,4
DA:136,4
DA:142,0
DA:146,0
DA:147,0
DA:148,0
DA:149,0
DA:150,0
DA:151,0
DA:152,0
DA:163,0
DA:167,0
DA:168,0
DA:169,0
DA:170,0
DA:171,0
DA:172,0
DA:173,0
DA:175,0
DA:176,0
DA:177,0
DA:178,0
DA:182,0
DA:185,0
DA:186,0
DA:189,0
DA:193,4
DA:194,4
DA:195,4
DA:196,4
DA:197,4
DA:198,0
DA:199,0
DA:200,0
DA:201,0
DA:205,4
DA:206,0
DA:207,0
DA:208,0
DA:213,4
DA:218,4
DA:219,4
DA:228,4
DA:229,4
DA:231,0
DA:236,4
BRDA:31,0,0,0
BRDA:31,0,1,0
BRDA:34,1,0,0
BRDA:34,1,1,0
BRDA:35,2,0,0
BRDA:35,2,1,0
BRDA:50,3,0,0
BRDA:50,3,1,0
BRDA:50,4,0,0
BRDA:50,4,1,0
BRDA:60,5,0,0
BRDA:60,5,1,0
BRDA:65,6,0,0
BRDA:65,6,1,0
BRDA:85,7,0,0
BRDA:85,7,1,0
BRDA:89,8,0,0
BRDA:89,8,1,0
BRDA:90,9,0,0
BRDA:90,9,1,0
BRDA:91,10,0,0
BRDA:91,10,1,0
BRDA:91,11,0,0
BRDA:91,11,1,0
BRDA:94,12,0,0
BRDA:94,12,1,0
BRDA:94,13,0,0
BRDA:94,13,1,0
BRDA:101,14,0,0
BRDA:101,14,1,0
BRDA:103,15,0,0
BRDA:103,15,1,0
BRDA:103,16,0,0
BRDA:103,16,1,0
BRDA:105,17,0,0
BRDA:105,17,1,0
BRDA:105,18,0,0
BRDA:105,18,1,0
BRDA:111,19,0,0
BRDA:111,19,1,0
BRDA:112,20,0,0
BRDA:112,20,1,0
BRDA:112,21,0,0
BRDA:112,21,1,0
BRDA:115,22,0,0
BRDA:115,22,1,0
BRDA:116,23,0,0
BRDA:116,23,1,0
BRDA:118,24,0,0
BRDA:118,24,1,0
BRDA:118,25,0,0
BRDA:118,25,1,0
BRDA:125,26,0,0
BRDA:125,26,1,0
BRDA:125,27,0,0
BRDA:125,27,1,0
BRDA:148,28,0,0
BRDA:148,28,1,0
BRDA:150,29,0,0
BRDA:150,29,1,0
BRDA:150,30,0,0
BRDA:150,30,1,0
BRDA:170,31,0,0
BRDA:170,31,1,0
BRDA:172,32,0,0
BRDA:172,32,1,0
BRDA:175,33,0,0
BRDA:175,33,1,0
BRDA:177,34,0,0
BRDA:177,34,1,0
BRDA:185,35,0,0
BRDA:185,35,1,0
BRDA:185,36,0,0
BRDA:185,36,1,0
BRDA:197,37,0,0
BRDA:197,37,1,4
BRDA:200,38,0,0
BRDA:200,38,1,0
BRDA:200,39,0,0
BRDA:200,39,1,0
BRDA:205,40,0,0
BRDA:205,40,1,4
BRDA:207,41,0,0
BRDA:207,41,1,0
end_of_record
SF:/Users/ycao/dev/open-cluster-management/grc-ui/src-web/components/modals/CreateResourceModal.js
DA:23,1
DA:24,1
DA:27,1
DA:46,1
DA:49,1
DA:53,1
DA:56,1
DA:58,0
DA:59,0
DA:61,1
DA:62,1
DA:64,0
DA:65,0
DA:66,0
DA:68,0
DA:73,1
DA:75,1
DA:77,2
DA:81,10
DA:130,1
DA:135,1
DA:136,0
DA:137,0
DA:141,0
BRDA:62,0,0,1
BRDA:62,0,1,0
BRDA:65,1,0,0
BRDA:65,1,1,0
BRDA:86,2,0,10
BRDA:86,2,1,1
BRDA:104,3,0,1
BRDA:104,3,1,0
BRDA:113,4,0,1
BRDA:113,4,1,0
BRDA:123,5,0,1
BRDA:123,5,1,0
end_of_record
SF:/Users/ycao/dev/open-cluster-management/grc-ui/src-web/components/modals/DescriptionModal.js
DA:21,0
DA:22,0
DA:26,0
DA:27,0
DA:53,1
DA:61,1
DA:62,0
DA:63,0
end_of_record
SF:/Users/ycao/dev/open-cluster-management/grc-ui/src-web/components/modals/DisableModal.js
DA:23,3
DA:24,3
DA:28,1
DA:29,1
DA:33,3
DA:34,3
DA:63,1
DA:83,1
DA:84,0
DA:87,1
DA:88,0
DA:90,0
DA:93,0
DA:94,0
DA:97,0
BRDA:36,0,0,3
BRDA:36,0,1,0
BRDA:50,1,0,3
BRDA:50,1,1,1
BRDA:54,2,0,1
BRDA:54,2,1,0
end_of_record
SF:/Users/ycao/dev/open-cluster-management/grc-ui/src-web/components/modals/EnableModal.js
DA:22,3
DA:23,3
DA:27,1
DA:28,1
DA:32,3
DA:33,3
DA:61,1
DA:80,1
DA:81,0
DA:84,1
DA:85,0
DA:87,0
DA:90,0
DA:91,0
DA:94,0
BRDA:35,0,0,3
BRDA:35,0,1,0
BRDA:48,1,0,3
BRDA:48,1,1,1
BRDA:52,2,0,1
BRDA:52,2,1,0
end_of_record
SF:/Users/ycao/dev/open-cluster-management/grc-ui/src-web/components/modals/FilterModal.js
DA:18,6
DA:19,6
DA:25,6
DA:26,6
DA:27,6
DA:28,6
DA:34,2
DA:35,1
DA:40,10
DA:41,10
DA:42,45
DA:47,10
DA:51,9
DA:62,1
DA:66,1
DA:67,1
DA:71,8
DA:72,8
DA:73,8
DA:92,6
BRDA:29,0,0,6
BRDA:29,0,1,6
BRDA:34,1,0,1
BRDA:34,1,1,1
BRDA:34,2,0,2
BRDA:34,2,1,1
BRDA:71,3,0,1
end_of_record
SF:/Users/ycao/dev/open-cluster-management/grc-ui/src-web/components/modals/FindingSidePanelDetailsModal.js
DA:26,1
DA:27,1
DA:31,0
DA:32,0
DA:33,0
DA:34,0
DA:35,0
DA:36,0
DA:37,0
DA:38,0
DA:40,0
DA:46,0
DA:47,0
DA:48,0
DA:49,0
DA:55,0
DA:56,0
DA:60,0
DA:61,0
DA:62,0
DA:63,0
DA:64,0
DA:65,0
DA:67,0
DA:68,0
DA:69,0
DA:71,0
DA:75,0
DA:76,0
DA:77,0
DA:78,0
DA:79,0
DA:104,0
DA:107,0
DA:109,0
DA:110,0
DA:111,0
DA:114,0
DA:121,0
DA:122,0
DA:123,0
DA:132,0
DA:133,0
DA:138,0
DA:150,1
DA:152,0
DA:220,0
DA:221,0
DA:232,1
DA:233,0
DA:234,0
DA:235,0
DA:236,0
DA:292,0
DA:295,0
DA:296,0
DA:307,1
DA:314,1
DA:321,1
DA:333,1
DA:334,0
DA:335,0
DA:341,1
DA:342,0
DA:343,0
BRDA:33,0,0,0
BRDA:33,0,1,0
BRDA:36,1,0,0
BRDA:36,1,1,0
BRDA:63,2,0,0
BRDA:63,2,1,0
BRDA:67,3,0,0
BRDA:67,3,1,0
BRDA:95,4,0,0
BRDA:95,4,1,0
BRDA:104,5,0,0
BRDA:104,5,1,0
BRDA:104,5,2,0
BRDA:107,6,0,0
BRDA:107,6,1,0
BRDA:110,7,0,0
BRDA:110,7,1,0
BRDA:110,8,0,0
BRDA:110,8,1,0
BRDA:121,9,0,0
BRDA:121,9,1,0
BRDA:121,10,0,0
BRDA:121,10,1,0
end_of_record
SF:/Users/ycao/dev/open-cluster-management/grc-ui/src-web/components/modals/PolicySidePanelDetailsModal.js
DA:31,1
DA:32,1
DA:35,1
DA:36,1
DA:37,1
DA:38,1
DA:39,1
DA:42,0
DA:43,0
DA:44,0
DA:47,0
DA:48,0
DA:49,0
DA:50,0
DA:51,0
DA:52,0
DA:53,0
DA:55,0
DA:56,0
DA:57,0
DA:58,0
DA:61,0
DA:62,0
DA:63,0
DA:64,0
DA:65,0
DA:66,0
DA:68,0
DA:69,0
DA:70,0
DA:71,0
DA:74,0
DA:75,0
DA:76,0
DA:77,0
DA:78,0
DA:79,0
DA:80,0
DA:81,0
DA:83,0
DA:89,0
DA:90,0
DA:91,0
DA:92,0
DA:98,0
DA:99,0
DA:103,0
DA:104,0
DA:105,0
DA:106,0
DA:107,0
DA:108,0
DA:110,0
DA:111,0
DA:112,0
DA:114,0
DA:118,0
DA:119,0
DA:120,0
DA:121,0
DA:122,0
DA:123,0
DA:147,0
DA:149,0
DA:151,0
DA:153,0
DA:160,0
DA:161,0
DA:162,0
DA:163,0
DA:166,0
DA:167,0
DA:168,0
DA:169,0
DA:174,0
DA:175,0
DA:176,0
DA:177,0
DA:183,0
DA:198,0
DA:199,0
DA:204,0
DA:216,1
DA:218,9
DA:219,3
DA:222,1
DA:223,2
DA:224,9
DA:225,9
DA:226,9
DA:227,9
DA:228,9
DA:229,9
DA:230,9
DA:231,5
DA:232,5
DA:235,9
DA:236,0
DA:237,0
DA:240,9
DA:241,4
DA:242,2
DA:246,9
DA:247,7
DA:248,5
DA:249,5
DA:254,7
DA:255,0
DA:256,0
DA:261,7
DA:262,2
DA:263,2
DA:269,7
DA:270,7
DA:273,2
DA:274,2
DA:278,2
DA:289,1
DA:290,3
DA:291,4
DA:292,4
DA:293,4
DA:295,4
DA:296,2
DA:297,2
DA:298,2
DA:299,2
DA:300,2
DA:301,2
DA:304,2
DA:305,1
DA:306,1
DA:312,2
DA:313,1
DA:314,1
DA:320,2
DA:321,1
DA:322,1
DA:329,2
DA:332,2
DA:333,2
DA:338,3
DA:339,3
DA:351,1
DA:352,0
DA:353,0
DA:361,1
DA:367,1
DA:373,1
DA:377,1
DA:390,1
DA:391,0
DA:392,0
DA:398,1
DA:399,0
DA:400,0
BRDA:44,0,0,0
BRDA:44,0,1,0
BRDA:44,0,2,0
BRDA:44,0,3,0
BRDA:52,1,0,0
BRDA:52,1,1,0
BRDA:52,2,0,0
BRDA:52,2,1,0
BRDA:65,3,0,0
BRDA:65,3,1,0
BRDA:65,4,0,0
BRDA:65,4,1,0
BRDA:106,5,0,0
BRDA:106,5,1,0
BRDA:110,6,0,0
BRDA:110,6,1,0
BRDA:143,7,0,0
BRDA:143,7,1,0
BRDA:147,8,0,0
BRDA:147,8,1,0
BRDA:151,9,0,0
BRDA:151,9,1,0
BRDA:163,10,0,0
BRDA:163,10,1,0
BRDA:163,10,2,0
BRDA:163,10,3,0
BRDA:166,11,0,0
BRDA:166,11,1,0
BRDA:174,12,0,0
BRDA:174,12,1,0
BRDA:219,13,0,0
BRDA:219,13,1,3
BRDA:231,14,0,5
BRDA:231,14,1,0
BRDA:236,15,0,0
BRDA:236,15,1,0
BRDA:241,16,0,2
BRDA:241,16,1,2
BRDA:246,17,0,7
BRDA:246,17,1,2
BRDA:248,18,0,5
BRDA:248,18,1,0
BRDA:255,19,0,0
BRDA:255,19,1,0
BRDA:262,20,0,2
BRDA:262,20,1,0
BRDA:295,21,0,2
BRDA:295,21,1,2
BRDA:304,22,0,1
BRDA:304,22,1,1
BRDA:312,23,0,1
BRDA:312,23,1,1
BRDA:320,24,0,1
BRDA:320,24,1,1
end_of_record
SF:/Users/ycao/dev/open-cluster-management/grc-ui/src-web/components/modals/RemoveResourceModal.js
DA:24,1
DA:25,1
DA:26,1
DA:32,1
DA:33,1
DA:35,1
DA:36,0
DA:43,1
DA:44,1
DA:51,1
DA:52,1
DA:59,1
DA:60,0
DA:67,1
DA:68,1
DA:73,0
DA:74,0
DA:75,0
DA:76,0
DA:77,0
DA:82,0
DA:83,0
DA:84,0
DA:85,0
DA:86,0
DA:91,0
DA:92,0
DA:93,0
DA:97,1
DA:101,0
DA:108,0
DA:112,0
DA:126,1
DA:134,1
DA:135,1
DA:164,1
DA:186,1
DA:187,1
DA:190,1
DA:191,1
DA:193,0
DA:196,0
DA:197,0
DA:200,0
BRDA:67,0,0,1
BRDA:67,0,1,0
BRDA:67,1,0,1
BRDA:67,1,1,1
BRDA:97,2,0,0
BRDA:97,2,1,0
BRDA:97,2,2,0
BRDA:97,2,3,1
BRDA:101,3,0,0
BRDA:101,3,1,0
BRDA:104,4,0,0
BRDA:104,4,1,0
BRDA:104,4,2,0
BRDA:112,5,0,0
BRDA:112,5,1,0
BRDA:123,6,0,0
BRDA:123,6,1,0
BRDA:123,6,2,0
BRDA:128,7,0,1
BRDA:128,7,1,0
BRDA:128,7,2,0
BRDA:137,8,0,1
BRDA:137,8,1,0
BRDA:151,9,0,1
BRDA:151,9,1,0
BRDA:155,10,0,0
BRDA:155,10,1,0
end_of_record
SF:/Users/ycao/dev/open-cluster-management/grc-ui/src-web/components/modals/ResourceModal.js
DA:24,1
DA:25,1
DA:35,3
DA:36,3
DA:42,2
DA:43,2
DA:44,2
DA:45,2
DA:46,2
DA:47,2
DA:49,2
DA:50,2
DA:51,2
DA:52,2
DA:53,1
DA:55,2
DA:56,1
DA:58,2
DA:59,0
DA:61,2
DA:64,2
DA:65,2
DA:72,1
DA:73,1
DA:77,2
DA:78,2
DA:79,2
DA:83,1
DA:87,0
DA:89,0
DA:91,0
DA:92,0
DA:93,0
DA:96,0
DA:97,0
DA:102,4
DA:106,9
DA:107,9
DA:111,0
DA:133,2
DA:161,1
DA:181,1
DA:182,0
DA:187,1
DA:188,0
DA:190,0
DA:193,0
DA:194,0
DA:196,0
BRDA:52,0,0,1
BRDA:52,0,1,1
BRDA:52,1,0,2
BRDA:52,1,1,1
BRDA:55,2,0,1
BRDA:55,2,1,1
BRDA:55,3,0,2
BRDA:55,3,1,1
BRDA:58,4,0,0
BRDA:58,4,1,2
BRDA:58,5,0,2
BRDA:58,5,1,1
BRDA:79,6,0,2
BRDA:79,6,1,2
BRDA:79,6,2,2
BRDA:79,6,3,1
BRDA:79,6,4,0
BRDA:87,7,0,0
BRDA:87,7,1,0
BRDA:87,8,0,0
BRDA:87,8,1,0
BRDA:91,9,0,0
BRDA:91,9,1,0
BRDA:91,10,0,0
BRDA:91,10,1,0
BRDA:96,11,0,0
BRDA:96,11,1,0
BRDA:96,12,0,0
BRDA:96,12,1,0
BRDA:102,13,0,4
BRDA:102,13,1,0
BRDA:117,14,0,9
BRDA:117,14,1,1
BRDA:117,14,2,1
BRDA:131,15,0,9
BRDA:131,15,1,5
BRDA:131,15,2,2
BRDA:152,16,0,9
BRDA:152,16,1,9
end_of_record
SF:/Users/ycao/dev/open-cluster-management/grc-ui/src-web/components/modules/GrcCardsModule.js
DA:23,4
DA:24,4
DA:27,4
DA:36,17
DA:37,17
DA:38,17
DA:41,17
DA:42,17
DA:46,19
DA:48,19
DA:51,13
DA:52,13
DA:54,6
DA:55,6
DA:57,19
DA:66,19
DA:67,19
DA:68,19
DA:69,19
DA:70,19
DA:71,19
DA:72,19
DA:73,19
DA:74,19
DA:75,19
DA:76,37
DA:78,19
DA:101,11
DA:102,11
DA:103,11
DA:107,22
DA:109,5
DA:110,5
DA:113,17
DA:114,17
DA:116,22
DA:123,13
DA:124,13
DA:125,13
DA:126,13
DA:129,13
DA:130,13
DA:131,13
DA:132,13
DA:135,43
DA:136,43
DA:139,3
DA:140,3
DA:141,3
DA:143,40
DA:144,40
DA:145,40
DA:148,43
DA:149,0
DA:152,43
DA:153,62
DA:154,62
DA:155,51
DA:156,51
DA:157,51
DA:159,51
DA:160,51
DA:161,51
DA:162,51
DA:163,28
DA:182,51
DA:183,51
DA:184,51
DA:185,51
DA:186,51
[...]
BRDA:173,13,1,38
BRDA:173,13,2,19
BRDA:199,14,0,22
BRDA:199,14,1,0
BRDA:199,15,0,22
BRDA:199,15,1,22
BRDA:204,16,0,118
BRDA:204,16,1,30
BRDA:204,17,0,148
BRDA:204,17,1,148
BRDA:206,18,0,76
BRDA:206,18,1,42
BRDA:224,19,0,58
BRDA:224,19,1,60
BRDA:243,20,0,0
BRDA:243,20,1,4
BRDA:243,21,0,4
BRDA:243,21,1,0
BRDA:245,22,0,0
BRDA:245,22,1,0
BRDA:245,23,0,0
BRDA:245,23,1,0
BRDA:252,24,0,0
BRDA:252,24,1,0
BRDA:264,25,0,0
BRDA:264,25,1,0
BRDA:266,26,0,0
BRDA:266,26,1,0
BRDA:280,27,0,26
BRDA:280,27,1,13
BRDA:282,28,0,14
BRDA:282,28,1,22
BRDA:282,28,2,22
BRDA:282,28,3,4
BRDA:296,29,0,27
BRDA:296,29,1,27
BRDA:296,29,2,12
BRDA:312,30,0,21
BRDA:312,30,1,18
BRDA:335,31,0,39
BRDA:335,31,1,0
BRDA:340,32,0,9
BRDA:340,32,1,30
BRDA:347,33,0,10
BRDA:347,33,1,28
BRDA:367,34,0,5
BRDA:367,34,1,14
BRDA:385,35,0,12
BRDA:385,35,1,12
BRDA:385,35,2,6
BRDA:388,36,0,4
BRDA:388,36,1,4
BRDA:388,36,2,4
BRDA:388,36,3,4
BRDA:410,37,0,2
BRDA:410,37,1,4
BRDA:410,37,2,2
BRDA:440,38,0,0
BRDA:440,38,1,0
BRDA:445,39,0,0
BRDA:445,39,1,0
BRDA:451,40,0,35
BRDA:451,40,1,7
BRDA:483,41,0,35
BRDA:483,41,1,7
BRDA:486,42,0,0
BRDA:486,42,1,67
BRDA:495,43,0,67
BRDA:495,43,1,0
BRDA:505,44,0,0
BRDA:505,44,1,67
BRDA:507,45,0,35
BRDA:507,45,1,0
BRDA:536,46,0,35
BRDA:536,46,1,7
BRDA:539,47,0,35
BRDA:539,47,1,7
BRDA:555,48,0,35
BRDA:555,48,1,7
end_of_record
SF:/Users/ycao/dev/open-cluster-management/grc-ui/src-web/components/templates/index.js
DA:31,1
DA:50,1
DA:52,0
BRDA:50,0,0,0
BRDA:50,0,1,1
end_of_record
SF:/Users/ycao/dev/open-cluster-management/grc-ui/src-web/containers/App.js
DA:25,1
DA:27,1
DA:28,1
DA:39,0
DA:40,0
DA:41,0
DA:46,0
DA:47,0
DA:49,0
DA:53,0
DA:54,0
DA:55,0
DA:60,0
DA:70,0
DA:76,1
DA:82,0
BRDA:40,0,0,0
BRDA:40,0,1,0
BRDA:40,1,0,0
BRDA:40,1,1,0
BRDA:46,2,0,0
BRDA:46,2,1,0
end_of_record
SF:/Users/ycao/dev/open-cluster-management/grc-ui/src-web/containers/ClusterPolicy.js
DA:12,0
DA:13,0
DA:14,0
DA:15,0
DA:16,0
DA:17,0
DA:18,0
DA:19,0
DA:20,0
DA:21,0
DA:22,0
DA:23,0
DA:24,0
DA:42,0
DA:47,0
DA:48,0
DA:52,0
DA:53,0
DA:54,0
DA:55,0
DA:58,0
DA:59,0
DA:64,0
DA:65,0
DA:66,0
DA:69,0
DA:70,0
DA:71,0
DA:72,0
DA:73,0
DA:76,0
DA:77,0
DA:94,0
DA:97,0
DA:98,0
DA:99,0
DA:100,0
DA:101,0
DA:102,0
DA:103,0
DA:104,0
DA:105,0
DA:107,0
DA:108,0
DA:109,0
DA:110,0
DA:111,0
DA:112,0
DA:113,0
DA:114,0
DA:115,0
DA:117,0
DA:124,0
DA:140,0
DA:141,0
DA:142,0
BRDA:42,0,0,0
BRDA:42,0,1,0
BRDA:54,1,0,0
BRDA:54,1,1,0
BRDA:76,2,0,0
BRDA:76,2,1,0
BRDA:108,3,0,0
BRDA:108,3,1,0
BRDA:110,4,0,0
BRDA:110,4,1,0
BRDA:113,5,0,0
BRDA:113,5,1,0
BRDA:114,6,0,0
BRDA:114,6,1,0
BRDA:129,7,0,0
BRDA:129,7,1,0
end_of_record
SF:/Users/ycao/dev/open-cluster-management/grc-ui/src-web/containers/CreationTab.js
DA:39,2
DA:40,2
DA:41,2
DA:55,2
DA:59,1
DA:60,0
DA:61,0
DA:66,1
DA:70,2
DA:71,2
DA:72,1
DA:73,1
DA:75,1
DA:79,0
DA:80,0
DA:81,0
DA:82,0
DA:83,0
DA:84,0
DA:85,0
DA:86,0
DA:88,0
DA:93,0
DA:99,0
DA:114,1
DA:115,0
DA:121,1
DA:122,0
DA:123,0
DA:124,0
DA:125,0
BRDA:59,0,0,0
BRDA:59,0,1,1
BRDA:71,1,0,1
BRDA:71,1,1,1
BRDA:71,2,0,2
BRDA:71,2,1,1
BRDA:72,3,0,1
BRDA:72,3,1,0
BRDA:80,4,0,0
BRDA:82,5,0,0
BRDA:82,5,1,0
BRDA:83,6,0,0
BRDA:83,6,1,0
BRDA:84,7,0,0
BRDA:84,7,1,0
BRDA:84,8,0,0
BRDA:84,8,1,0
BRDA:85,9,0,0
BRDA:85,9,1,0
end_of_record
SF:/Users/ycao/dev/open-cluster-management/grc-ui/src-web/containers/FindingsTab.js
DA:36,2
DA:37,2
DA:41,2
DA:42,2
DA:43,2
DA:47,2
DA:48,2
DA:49,2
DA:50,2
DA:54,2
DA:55,2
DA:56,2
DA:57,2
DA:58,2
DA:59,2
DA:60,2
DA:61,2
DA:63,2
DA:70,2
DA:89,4
DA:90,1
DA:91,4
DA:92,2
DA:97,2
DA:101,4
DA:105,1
DA:109,1
DA:110,0
DA:115,1
DA:116,0
DA:117,0
BRDA:48,0,0,0
BRDA:48,0,1,2
BRDA:48,1,0,2
BRDA:48,1,1,0
BRDA:54,2,0,1
BRDA:56,3,0,0
BRDA:56,3,1,2
BRDA:59,4,0,2
BRDA:59,4,1,1
BRDA:60,5,0,2
BRDA:60,5,1,0
BRDA:73,6,0,2
BRDA:73,6,1,2
BRDA:89,7,0,1
BRDA:89,7,1,3
BRDA:91,8,0,2
BRDA:91,8,1,2
end_of_record
SF:/Users/ycao/dev/open-cluster-management/grc-ui/src-web/containers/GrcRouter.js
DA:19,2
DA:20,2
DA:21,2
DA:22,2
DA:23,2
DA:25,2
DA:26,2
DA:28,2
DA:68,2
DA:85,2
DA:86,0
DA:88,0
DA:89,0
DA:90,0
DA:91,0
DA:92,0
DA:96,2
BRDA:38,0,0,0
BRDA:38,0,1,2
BRDA:91,1,0,0
BRDA:91,1,1,0
BRDA:93,2,0,0
BRDA:93,2,1,0
end_of_record
SF:/Users/ycao/dev/open-cluster-management/grc-ui/src-web/containers/OverviewTab.js
DA:40,1
DA:41,1
DA:45,1
DA:46,1
DA:47,1
DA:50,0
DA:51,0
DA:52,0
DA:56,1
DA:57,1
DA:58,1
DA:59,1
DA:60,1
DA:61,1
DA:70,2
DA:71,2
DA:72,2
DA:73,2
DA:74,2
DA:75,1
DA:76,0
DA:78,1
DA:79,1
DA:80,1
DA:81,1
DA:82,1
DA:85,1
DA:92,1
DA:96,0
DA:97,0
DA:98,0
DA:99,0
DA:132,1
DA:136,1
DA:137,2
DA:142,1
DA:143,1
DA:144,1
DA:145,0
BRDA:50,0,0,0
BRDA:58,1,0,0
BRDA:58,1,1,1
BRDA:58,2,0,1
BRDA:58,2,1,0
BRDA:60,3,0,1
BRDA:60,3,1,0
BRDA:64,4,0,0
BRDA:64,4,1,1
BRDA:65,5,0,0
BRDA:65,5,1,1
BRDA:71,6,0,1
BRDA:73,7,0,0
BRDA:73,7,1,2
BRDA:74,8,0,1
BRDA:74,8,1,1
BRDA:75,9,0,0
BRDA:75,9,1,0
BRDA:80,10,0,1
BRDA:80,10,1,0
BRDA:81,11,0,1
BRDA:81,11,1,0
BRDA:93,12,0,0
BRDA:93,12,1,1
BRDA:96,13,0,0
BRDA:98,14,0,0
BRDA:98,14,1,0
BRDA:102,15,0,0
BRDA:102,15,1,0
BRDA:117,16,0,1
BRDA:117,16,1,1
end_of_record
SF:/Users/ycao/dev/open-cluster-management/grc-ui/src-web/containers/PoliciesTab.js
DA:39,1
DA:40,1
DA:44,1
DA:45,1
DA:46,1
DA:50,1
DA:51,1
DA:52,1
DA:53,1
DA:57,2
DA:58,2
DA:59,2
DA:60,2
DA:61,1
DA:62,0
DA:64,1
DA:65,1
DA:66,1
DA:67,1
DA:68,1
DA:70,1
DA:77,1
DA:81,0
DA:82,0
DA:83,0
DA:84,0
DA:117,1
DA:118,1
DA:119,1
BRDA:52,0,0,1
BRDA:52,0,1,0
BRDA:57,1,0,1
BRDA:59,2,0,0
BRDA:59,2,1,2
BRDA:60,3,0,1
BRDA:60,3,1,1
BRDA:61,4,0,0
BRDA:61,4,1,0
BRDA:66,5,0,1
BRDA:66,5,1,0
BRDA:67,6,0,1
BRDA:67,6,1,0
BRDA:78,7,0,0
BRDA:78,7,1,1
BRDA:81,8,0,0
BRDA:83,9,0,0
BRDA:83,9,1,0
BRDA:87,10,0,0
BRDA:87,10,1,0
BRDA:102,11,0,1
BRDA:102,11,1,1
end_of_record
SF:/Users/ycao/dev/open-cluster-management/grc-ui/src-web/containers/PolicyDetail.js
DA:48,1
DA:49,1
DA:59,1
DA:60,3
DA:64,0
DA:70,0
DA:71,0
DA:73,0
DA:80,1
DA:81,1
DA:82,1
DA:83,1
DA:84,1
DA:86,1
DA:90,2
DA:91,2
DA:92,2
DA:93,2
DA:94,2
DA:95,2
DA:96,2
DA:97,2
DA:98,2
DA:100,2
DA:107,2
DA:110,0
DA:111,0
DA:117,0
DA:126,2
DA:144,1
DA:145,1
DA:146,1
DA:147,1
DA:148,1
DA:149,1
DA:150,3
DA:153,1
DA:155,1
DA:160,1
DA:166,1
DA:170,2
DA:171,2
DA:172,2
DA:173,0
DA:175,2
DA:179,1
DA:180,1
DA:181,1
BRDA:60,0,0,1
BRDA:60,0,1,2
BRDA:64,1,0,0
BRDA:64,1,1,0
BRDA:73,2,0,0
BRDA:73,2,1,0
BRDA:90,3,0,1
BRDA:92,4,0,0
BRDA:92,4,1,2
BRDA:95,5,0,2
BRDA:95,5,1,1
BRDA:97,6,0,2
BRDA:97,6,1,0
BRDA:127,7,0,2
BRDA:127,7,1,2
BRDA:145,8,0,1
BRDA:145,8,1,1
BRDA:158,9,0,0
BRDA:158,9,1,1
BRDA:163,10,0,0
BRDA:163,10,1,1
BRDA:172,11,0,0
BRDA:172,11,1,2
BRDA:172,12,0,2
BRDA:172,12,1,2
end_of_record
SF:/Users/ycao/dev/open-cluster-management/grc-ui/src-web/containers/PolicyTemplateTab.js
DA:21,3
DA:22,3
DA:27,1
DA:31,1
DA:32,1
DA:33,0
DA:38,1
DA:39,0
DA:41,1
DA:42,1
DA:56,3
DA:60,3
DA:73,3
DA:74,1
DA:75,1
BRDA:32,0,0,0
BRDA:32,0,1,1
BRDA:38,1,0,0
BRDA:38,1,1,1
BRDA:38,2,0,1
BRDA:38,2,1,0
end_of_record
SF:/Users/ycao/dev/open-cluster-management/grc-ui/src-web/containers/PolicyViolationTab.js
DA:32,3
DA:33,3
DA:38,1
DA:42,1
DA:43,1
DA:44,1
DA:45,1
DA:46,1
DA:47,1
DA:48,1
DA:50,1
DA:51,1
DA:54,0
DA:57,0
DA:58,0
DA:60,0
DA:61,0
DA:74,0
DA:82,3
DA:86,3
DA:91,3
DA:92,1
DA:95,3
DA:96,1
DA:97,0
BRDA:50,0,0,1
BRDA:50,0,1,0
BRDA:57,1,0,0
BRDA:57,1,1,0
BRDA:57,2,0,0
BRDA:57,2,1,0
BRDA:60,3,0,0
BRDA:60,3,1,0
BRDA:60,4,0,0
BRDA:60,4,1,0
end_of_record
SF:/Users/ycao/dev/open-cluster-management/grc-ui/src-web/definitions/hcm-cluster-findings.js
DA:53,3
DA:54,3
DA:55,3
DA:56,2
DA:57,3
DA:60,3
DA:61,3
BRDA:55,0,0,2
BRDA:55,0,1,1
end_of_record
SF:/Users/ycao/dev/open-cluster-management/grc-ui/src-web/definitions/hcm-compliances.js
DA:925,3
DA:926,1
DA:928,2
DA:929,1
DA:932,1
DA:938,3
DA:939,3
DA:940,3
DA:941,0
DA:942,0
DA:944,0
DA:946,3
DA:947,2
DA:948,1
DA:950,1
DA:953,1
DA:957,3
DA:958,3
DA:959,2
DA:960,1
DA:966,1
DA:974,1
DA:978,3
DA:979,2
DA:980,1
DA:982,1
DA:985,1
DA:989,3
DA:990,2
DA:991,1
DA:993,1
DA:996,1
DA:1000,2
DA:1001,1
DA:1003,1
DA:1007,1
DA:1008,1
DA:1009,1
DA:1010,0
DA:1011,0
DA:1014,1
DA:1015,0
DA:1026,1
DA:1033,1
DA:1037,1
DA:1041,3
DA:1042,2
DA:1045,1
DA:1050,3
DA:1051,3
DA:1055,3
DA:1056,3
DA:1060,3
DA:1061,3
DA:1065,12
DA:1066,26
DA:1068,2
DA:1072,2
DA:1073,2
DA:1074,3
DA:1076,1
DA:1080,4
DA:1081,1
DA:1083,3
DA:1084,1
DA:1086,2
DA:1090,5
DA:1091,3
DA:1092,3
DA:1093,1
DA:1094,1
DA:1097,2
DA:1100,2
BRDA:924,0,0,0
BRDA:925,1,0,1
BRDA:925,1,1,2
BRDA:928,2,0,1
BRDA:928,2,1,1
BRDA:940,3,0,0
BRDA:940,3,1,3
BRDA:940,4,0,3
BRDA:940,4,1,0
BRDA:941,5,0,0
BRDA:941,5,1,0
BRDA:946,6,0,2
BRDA:946,6,1,1
BRDA:946,7,0,3
BRDA:946,7,1,3
BRDA:946,7,2,3
BRDA:947,8,0,1
BRDA:947,8,1,1
BRDA:958,9,0,2
BRDA:958,9,1,1
BRDA:958,10,0,3
BRDA:958,10,1,2
BRDA:959,11,0,1
BRDA:959,11,1,1
BRDA:978,12,0,2
BRDA:978,12,1,1
BRDA:979,13,0,1
BRDA:979,13,1,1
BRDA:989,14,0,2
BRDA:989,14,1,1
BRDA:990,15,0,1
BRDA:990,15,1,1
BRDA:1000,16,0,1
BRDA:1000,16,1,1
BRDA:1000,17,0,2
BRDA:1000,17,1,1
BRDA:1006,18,0,0
BRDA:1009,19,0,1
BRDA:1009,19,1,0
BRDA:1010,20,0,0
BRDA:1010,20,1,0
BRDA:1014,21,0,0
BRDA:1014,21,1,1
BRDA:1025,22,0,0
BRDA:1041,23,0,2
BRDA:1041,23,1,1
BRDA:1041,24,0,3
BRDA:1041,24,1,3
BRDA:1050,25,0,3
BRDA:1050,25,1,0
BRDA:1055,26,0,3
BRDA:1055,26,1,0
BRDA:1060,27,0,3
BRDA:1060,27,1,0
BRDA:1065,28,0,10
BRDA:1065,28,1,2
BRDA:1071,29,0,0
BRDA:1072,30,0,2
BRDA:1072,30,1,2
BRDA:1073,31,0,1
BRDA:1073,31,1,1
BRDA:1080,32,0,1
BRDA:1080,32,1,3
BRDA:1080,33,0,4
BRDA:1080,33,1,3
BRDA:1080,33,2,2
BRDA:1083,34,0,1
BRDA:1083,34,1,2
BRDA:1083,35,0,3
BRDA:1083,35,1,2
BRDA:1090,36,0,3
BRDA:1090,36,1,2
BRDA:1090,37,0,5
BRDA:1090,37,1,4
BRDA:1092,38,0,1
BRDA:1092,38,1,2
BRDA:1092,39,0,3
BRDA:1092,39,1,2
BRDA:1092,39,2,1
end_of_record
SF:/Users/ycao/dev/open-cluster-management/grc-ui/src-web/definitions/hcm-policies-application.js
DA:67,7
DA:68,3
DA:69,3
DA:70,7
DA:71,5
DA:72,3
DA:75,2
DA:79,3
DA:81,4
DA:85,5
DA:86,1
DA:88,4
DA:89,1
DA:91,3
BRDA:67,0,0,3
BRDA:67,0,1,4
BRDA:67,1,0,7
BRDA:67,1,1,6
BRDA:67,1,2,4
BRDA:70,2,0,5
BRDA:70,2,1,2
BRDA:70,3,0,7
BRDA:70,3,1,6
BRDA:71,4,0,3
BRDA:71,4,1,2
BRDA:85,5,0,1
BRDA:85,5,1,4
BRDA:85,6,0,5
BRDA:85,6,1,4
BRDA:85,6,2,2
BRDA:88,7,0,1
BRDA:88,7,1,3
BRDA:88,8,0,4
BRDA:88,8,1,3
end_of_record
SF:/Users/ycao/dev/open-cluster-management/grc-ui/src-web/definitions/hcm-policies-cluster.js
DA:67,1
DA:71,5
DA:75,5
DA:76,1
DA:78,4
DA:79,1
DA:81,3
BRDA:75,0,0,1
BRDA:75,0,1,4
BRDA:75,1,0,5
BRDA:75,1,1,4
BRDA:75,1,2,2
BRDA:78,2,0,1
BRDA:78,2,1,3
BRDA:78,3,0,4
BRDA:78,3,1,3
end_of_record
SF:/Users/ycao/dev/open-cluster-management/grc-ui/src-web/definitions/hcm-policies-policy.js
DA:86,6
DA:87,1
DA:88,5
DA:90,4
DA:91,1
DA:94,3
BRDA:85,0,0,1
BRDA:86,1,0,1
BRDA:86,1,1,5
BRDA:88,2,0,4
BRDA:88,2,1,1
BRDA:88,3,0,5
BRDA:88,3,1,5
BRDA:90,4,0,1
BRDA:90,4,1,3
end_of_record
SF:/Users/ycao/dev/open-cluster-management/grc-ui/src-web/definitions/hcm-policies.js
DA:21,33
DA:22,33
DA:380,3
DA:381,1
DA:383,2
DA:392,7
DA:393,7
DA:394,6
DA:395,2
DA:396,1
DA:398,1
DA:401,4
DA:402,2
DA:403,1
DA:405,1
DA:409,3
DA:413,2
DA:414,2
DA:415,1
DA:417,1
DA:421,2
DA:422,2
DA:423,1
DA:425,1
DA:429,2
DA:430,2
DA:431,1
DA:433,1
DA:437,2
DA:438,2
DA:439,1
DA:441,1
DA:445,2
DA:446,2
DA:447,1
DA:449,1
BRDA:379,0,0,1
BRDA:380,1,0,1
BRDA:380,1,1,2
BRDA:383,2,0,1
BRDA:383,2,1,1
BRDA:383,3,0,2
BRDA:383,3,1,2
BRDA:391,4,0,1
BRDA:393,5,0,6
BRDA:393,5,1,1
BRDA:394,6,0,2
BRDA:394,6,1,4
BRDA:394,7,0,6
BRDA:394,7,1,4
BRDA:395,8,0,1
BRDA:395,8,1,1
BRDA:401,9,0,2
BRDA:401,9,1,2
BRDA:401,10,0,4
BRDA:401,10,1,2
BRDA:402,11,0,1
BRDA:402,11,1,1
BRDA:414,12,0,1
BRDA:414,12,1,1
BRDA:422,13,0,1
BRDA:422,13,1,1
BRDA:430,14,0,1
BRDA:430,14,1,1
BRDA:430,15,0,2
BRDA:430,15,1,1
BRDA:438,16,0,1
BRDA:438,16,1,1
BRDA:446,17,0,1
BRDA:446,17,1,1
end_of_record
SF:/Users/ycao/dev/open-cluster-management/grc-ui/src-web/definitions/hcm-security-findings.js
DA:82,16
DA:83,16
DA:84,14
DA:86,8
DA:88,4
DA:90,1
DA:92,1
DA:96,2
DA:101,54
DA:105,13
DA:109,14
DA:110,14
DA:114,20
DA:115,20
DA:119,14
DA:120,14
BRDA:83,0,0,14
BRDA:83,0,1,2
BRDA:84,1,0,8
BRDA:84,1,1,4
BRDA:84,1,2,1
BRDA:84,1,3,1
BRDA:101,2,0,50
BRDA:101,2,1,1
BRDA:101,3,0,51
BRDA:101,3,1,50
BRDA:110,4,0,12
BRDA:110,4,1,2
BRDA:115,5,0,15
BRDA:115,5,1,5
BRDA:120,6,0,12
BRDA:120,6,1,2
end_of_record
SF:/Users/ycao/dev/open-cluster-management/grc-ui/src-web/definitions/index.js
DA:24,30
DA:37,221
DA:38,221
DA:40,6
DA:42,221
DA:48,70
DA:49,70
DA:50,70
DA:51,69
DA:53,70
DA:57,124
DA:58,124
DA:59,124
DA:60,123
DA:62,124
DA:66,4
DA:67,4
DA:68,4
DA:69,0
DA:71,4
DA:75,2
DA:76,2
DA:77,2
DA:79,1
DA:81,2
DA:82,2
DA:84,2
DA:88,2
DA:89,2
DA:90,2
DA:92,1
DA:94,2
DA:95,1
DA:97,2
DA:99,1
DA:101,2
DA:105,1
DA:106,1
DA:110,3
DA:111,1
DA:112,2
DA:113,1
DA:115,1
DA:116,1
DA:117,1
DA:118,2
DA:119,2
DA:121,1
BRDA:38,0,0,6
BRDA:38,0,1,215
BRDA:50,1,0,69
BRDA:50,1,1,1
BRDA:50,2,0,70
BRDA:50,2,1,69
BRDA:59,3,0,123
BRDA:59,3,1,1
BRDA:59,4,0,124
BRDA:59,4,1,123
BRDA:68,5,0,0
BRDA:68,5,1,4
BRDA:68,6,0,4
BRDA:68,6,1,2
BRDA:76,7,0,2
BRDA:76,7,1,1
BRDA:77,8,0,1
BRDA:77,8,1,1
BRDA:77,9,0,2
BRDA:77,9,1,1
BRDA:77,9,2,1
BRDA:77,9,3,1
BRDA:81,10,0,2
BRDA:81,10,1,0
BRDA:82,11,0,2
BRDA:82,11,1,1
BRDA:82,11,2,1
BRDA:82,11,3,1
BRDA:89,12,0,2
BRDA:89,12,1,1
BRDA:90,13,0,1
BRDA:90,13,1,1
BRDA:90,14,0,2
BRDA:90,14,1,1
BRDA:90,14,2,1
BRDA:90,14,3,1
BRDA:94,15,0,1
BRDA:94,15,1,1
BRDA:95,16,0,1
BRDA:95,16,1,0
BRDA:95,16,2,0
BRDA:95,16,3,0
BRDA:97,17,0,1
BRDA:97,17,1,1
BRDA:110,18,0,1
BRDA:110,18,1,2
BRDA:112,19,0,1
BRDA:112,19,1,1
end_of_record
SF:/Users/ycao/dev/open-cluster-management/grc-ui/src-web/reducers/common.js
DA:47,25
DA:48,25
DA:49,25
DA:50,17
DA:53,8
DA:56,28
DA:57,28
DA:58,28
DA:59,28
DA:60,28
DA:61,28
DA:64,28
DA:84,0
DA:85,0
DA:86,0
DA:88,0
DA:94,0
DA:95,0
DA:97,0
DA:98,0
DA:100,0
DA:103,0
DA:105,0
DA:107,0
DA:108,0
DA:109,0
DA:110,0
DA:113,0
DA:114,0
DA:115,0
DA:116,0
DA:117,0
DA:118,0
DA:122,0
DA:126,0
DA:127,0
DA:131,0
DA:134,28
DA:135,12
DA:137,4
DA:138,38
DA:139,38
DA:142,0
DA:143,0
DA:144,0
DA:146,0
DA:148,0
DA:149,0
DA:150,0
DA:151,0
DA:152,0
DA:155,0
DA:157,0
DA:164,28
DA:165,12
DA:168,4
DA:169,4
DA:170,38
DA:171,38
DA:172,38
DA:173,0
DA:174,0
DA:175,0
DA:176,0
DA:180,38
DA:182,38
DA:190,28
DA:191,12
DA:194,4
DA:195,4
DA:196,4
DA:201,38
DA:206,28
DA:207,12
DA:210,4
DA:211,4
DA:212,4
DA:213,4
DA:222,28
DA:223,12
DA:224,12
DA:225,12
DA:228,4
DA:229,4
DA:232,12
DA:238,28
DA:240,28
DA:242,1
DA:245,28
DA:246,2
DA:247,2
DA:248,2
DA:252,28
DA:253,138
DA:255,2
DA:259,3
DA:264,133
DA:268,28
DA:269,139
DA:271,6
DA:280,133
DA:285,28
DA:287,1044
DA:289,2
DA:293,1
DA:300,2
DA:305,1
DA:309,2
DA:310,2
DA:311,1
DA:312,1
DA:315,1
DA:317,2
DA:322,1
DA:328,1
DA:332,1
DA:336,1
DA:341,1
DA:345,1
DA:349,1
DA:354,1
DA:366,1
DA:371,1
DA:376,1
DA:382,1
DA:383,1
DA:384,1
DA:385,1
DA:386,1
DA:387,1
DA:391,1
DA:397,1
DA:401,2
DA:404,1
DA:406,2
DA:409,2
DA:410,2
DA:411,2
DA:412,1
DA:413,1
DA:417,1
DA:419,2
DA:420,2
DA:424,1
DA:425,1
DA:426,1
DA:428,1
DA:429,1
DA:431,2
DA:432,1
DA:433,1
DA:437,1
DA:439,1017
DA:447,28
DA:448,200
DA:449,1080
DA:450,1080
DA:451,1080
BRDA:47,0,0,25
BRDA:47,0,1,0
BRDA:47,1,0,25
BRDA:47,1,1,25
BRDA:49,2,0,17
BRDA:49,2,1,8
BRDA:49,3,0,25
BRDA:49,3,1,25
BRDA:49,3,2,25
BRDA:85,4,0,0
BRDA:85,4,1,0
BRDA:97,5,0,0
BRDA:97,5,1,0
BRDA:107,6,0,0
BRDA:107,6,1,0
BRDA:108,7,0,0
BRDA:108,7,1,0
BRDA:109,8,0,0
BRDA:109,8,1,0
BRDA:115,9,0,0
BRDA:115,9,1,0
BRDA:115,10,0,0
BRDA:115,10,1,0
BRDA:117,11,0,0
BRDA:117,11,1,0
BRDA:126,12,0,0
BRDA:126,12,1,0
BRDA:138,13,0,38
BRDA:138,13,1,0
BRDA:143,14,0,0
BRDA:143,14,1,0
BRDA:146,15,0,0
BRDA:146,15,1,0
BRDA:151,16,0,0
BRDA:151,16,1,0
BRDA:170,17,0,38
BRDA:170,17,1,0
BRDA:172,18,0,0
BRDA:172,18,1,38
BRDA:175,19,0,0
BRDA:175,19,1,0
BRDA:175,20,0,0
BRDA:175,20,1,0
BRDA:194,21,0,4
BRDA:194,21,1,0
BRDA:195,22,0,0
BRDA:195,22,1,4
BRDA:196,23,0,0
BRDA:196,23,1,4
BRDA:197,24,0,0
BRDA:197,24,1,0
BRDA:212,25,0,1
BRDA:212,25,1,3
BRDA:232,26,0,12
BRDA:232,26,1,0
BRDA:242,27,0,1
BRDA:242,27,1,1
BRDA:242,27,2,0
BRDA:252,28,0,127
BRDA:253,29,0,2
BRDA:253,29,1,3
BRDA:253,29,2,133
BRDA:268,30,0,128
BRDA:269,31,0,6
BRDA:269,31,1,133
BRDA:285,32,0,1009
BRDA:287,33,0,2
BRDA:287,33,1,1
BRDA:287,33,2,2
BRDA:287,33,3,1
BRDA:287,33,4,2
BRDA:287,33,5,1
BRDA:287,33,6,1
BRDA:287,33,7,1
BRDA:287,33,8,1
BRDA:287,33,9,1
BRDA:287,33,10,1
BRDA:287,33,11,1
BRDA:287,33,12,1
BRDA:287,33,13,1
BRDA:287,33,14,1
BRDA:287,33,15,1
BRDA:287,33,16,0
BRDA:287,33,17,1
BRDA:287,33,18,1
BRDA:287,33,19,1
BRDA:287,33,20,1
BRDA:287,33,21,2
BRDA:287,33,22,2
BRDA:287,33,23,1017
BRDA:296,34,0,1
BRDA:296,34,1,0
BRDA:296,35,0,0
BRDA:296,35,1,0
BRDA:310,36,0,1
BRDA:310,36,1,1
BRDA:324,37,0,1
BRDA:324,37,1,1
BRDA:324,37,2,1
BRDA:325,38,0,1
BRDA:325,38,1,1
BRDA:338,39,0,1
BRDA:338,39,1,0
BRDA:351,40,0,1
BRDA:351,40,1,0
BRDA:382,41,0,0
BRDA:382,41,1,1
BRDA:386,42,0,1
BRDA:386,42,1,0
BRDA:399,43,0,1
BRDA:399,43,1,0
BRDA:399,43,2,0
BRDA:399,43,3,0
BRDA:399,43,4,0
BRDA:401,44,0,2
BRDA:401,44,1,2
BRDA:406,45,0,2
BRDA:406,45,1,2
BRDA:411,46,0,1
BRDA:411,46,1,1
BRDA:420,47,0,1
BRDA:420,47,1,1
BRDA:420,47,2,1
BRDA:420,47,3,1
BRDA:431,48,0,1
BRDA:431,48,1,1
BRDA:450,49,0,1080
BRDA:450,49,1,945
BRDA:451,50,0,1017
BRDA:451,50,1,63
end_of_record
SF:/Users/ycao/dev/open-cluster-management/grc-ui/src-web/reducers/filter.js
DA:14,26
DA:15,141
DA:16,139
DA:18,1
DA:28,2
DA:29,2
DA:30,2
DA:33,136
BRDA:14,0,0,127
BRDA:15,1,0,139
BRDA:15,1,1,2
BRDA:16,2,0,1
BRDA:16,2,1,2
BRDA:16,2,2,136
BRDA:28,3,0,1
BRDA:28,3,1,1
end_of_record
SF:/Users/ycao/dev/open-cluster-management/grc-ui/src-web/reducers/index.js
DA:37,25
DA:38,25
DA:39,25
DA:40,25
DA:41,25
DA:42,25
DA:43,25
DA:44,25
DA:50,1218
DA:51,262
DA:53,956
DA:54,1895
DA:55,1887
DA:57,8
DA:60,956
BRDA:50,0,0,262
BRDA:50,0,1,956
BRDA:54,1,0,1887
BRDA:54,1,1,8
BRDA:60,2,0,1
BRDA:60,2,1,955
end_of_record
SF:/Users/ycao/dev/open-cluster-management/grc-ui/src-web/reducers/modal.js
DA:18,26
DA:19,151
DA:20,149
DA:22,1
DA:24,1
DA:34,3
DA:35,3
DA:44,4
DA:55,4
DA:56,2
DA:58,2
DA:60,4
DA:68,136
BRDA:18,0,0,127
BRDA:19,1,0,149
BRDA:19,1,1,2
BRDA:20,2,0,1
BRDA:20,2,1,1
BRDA:20,2,2,1
BRDA:20,2,3,2
BRDA:20,2,4,2
BRDA:20,2,5,3
BRDA:20,2,6,1
BRDA:20,2,7,2
BRDA:20,2,8,2
BRDA:20,2,9,4
BRDA:20,2,10,1
BRDA:20,2,11,2
BRDA:20,2,12,2
BRDA:20,2,13,4
BRDA:20,2,14,136
BRDA:34,3,0,3
BRDA:34,3,1,3
BRDA:46,4,0,1
BRDA:46,4,1,3
BRDA:55,5,0,2
BRDA:55,5,1,2
BRDA:55,6,0,4
BRDA:55,6,1,4
BRDA:58,7,0,2
BRDA:58,7,1,2
BRDA:61,8,0,1
BRDA:61,8,1,3
BRDA:62,9,0,1
BRDA:62,9,1,3
end_of_record
SF:/Users/ycao/dev/open-cluster-management/grc-ui/src-web/reducers/role.js
DA:15,26
DA:16,140
DA:17,138
DA:19,1
DA:21,1
DA:26,136
BRDA:15,0,0,127
BRDA:16,1,0,138
BRDA:16,1,1,2
BRDA:17,2,0,1
BRDA:17,2,1,1
BRDA:17,2,2,136
BRDA:23,3,0,1
BRDA:23,3,1,1
BRDA:24,4,0,1
BRDA:24,4,1,1
end_of_record
SF:/Users/ycao/dev/open-cluster-management/grc-ui/src-web/reducers/uiconfig.js
DA:12,26
DA:13,139
DA:14,137
DA:16,1
DA:18,136
BRDA:12,0,0,127
BRDA:13,1,0,137
BRDA:13,1,1,2
BRDA:14,2,0,1
BRDA:14,2,1,136
end_of_record
SF:/Users/ycao/dev/open-cluster-management/grc-ui/src-web/reducers/user.js
DA:17,26
DA:18,138
DA:20,1
DA:22,1
DA:24,136
DA:28,26
DA:29,141
DA:34,4
DA:36,137
DA:40,26
BRDA:17,0,0,127
BRDA:18,1,0,1
BRDA:18,1,1,1
BRDA:18,1,2,136
BRDA:28,2,0,127
BRDA:29,3,0,1
BRDA:29,3,1,2
BRDA:29,3,2,3
BRDA:29,3,3,4
BRDA:29,3,4,137
end_of_record
SF:/Users/ycao/dev/open-cluster-management/grc-ui/src-web/reducers/userpreferences.js
DA:15,26
DA:16,139
DA:17,138
DA:19,1
DA:21,1
DA:26,136
DA:30,1
BRDA:15,0,0,128
BRDA:16,1,0,138
BRDA:16,1,1,1
BRDA:17,2,0,1
BRDA:17,2,1,1
BRDA:17,2,2,136
BRDA:23,3,0,1
BRDA:23,3,1,1
BRDA:24,4,0,1
BRDA:24,4,1,1
end_of_record
SF:/Users/ycao/dev/open-cluster-management/grc-ui/src-web/util/table-helper.js
DA:18,1
DA:19,1
DA:22,8
DA:23,8
DA:24,6
DA:25,6
DA:26,6
DA:33,6
BRDA:23,0,0,6
BRDA:23,0,1,2
BRDA:24,1,0,6
BRDA:24,1,1,6
BRDA:25,2,0,6
BRDA:25,2,1,6
BRDA:26,3,0,3
BRDA:26,3,1,3
BRDA:27,4,0,1
BRDA:27,4,1,2
BRDA:30,5,0,1
BRDA:30,5,1,2
BRDA:31,6,0,1
BRDA:31,6,1,1
end_of_record
SF:/Users/ycao/dev/open-cluster-management/grc-ui/src-web/util/truncate-middle.js
DA:12,35
DA:13,10
DA:14,1
DA:17,9
DA:18,1
DA:21,8
DA:23,8
DA:24,8
DA:25,8
DA:26,8
DA:28,8
BRDA:13,0,0,1
BRDA:13,0,1,9
BRDA:13,1,0,10
BRDA:13,1,1,9
BRDA:17,2,0,1
BRDA:17,2,1,8
BRDA:21,3,0,8
BRDA:21,3,1,6
end_of_record
